2023-01-31 20:42:10,254 DEBUG [background-preinit][LoggerProviders.java:152] - Logging Provider: org.jboss.logging.Log4j2LoggerProvider
2023-01-31 20:42:10,254 DEBUG [background-preinit][LoggerProviders.java:152] - Logging Provider: org.jboss.logging.Log4j2LoggerProvider
2023-01-31 20:42:10,266 INFO [background-preinit][Version.java:21] - HV000001: Hibernate Validator 6.1.6.Final
2023-01-31 20:42:10,266 INFO [background-preinit][Version.java:21] - HV000001: Hibernate Validator 6.1.6.Final
2023-01-31 20:42:10,275 DEBUG [background-preinit][ValidationXmlParser.java:120] - Trying to load META-INF/validation.xml for XML based Validator configuration.
2023-01-31 20:42:10,275 DEBUG [background-preinit][ValidationXmlParser.java:120] - Trying to load META-INF/validation.xml for XML based Validator configuration.
2023-01-31 20:42:10,277 DEBUG [background-preinit][ResourceLoaderHelper.java:60] - Trying to load META-INF/validation.xml via TCCL
2023-01-31 20:42:10,277 DEBUG [background-preinit][ResourceLoaderHelper.java:60] - Trying to load META-INF/validation.xml via TCCL
2023-01-31 20:42:10,278 DEBUG [background-preinit][ResourceLoaderHelper.java:66] - Trying to load META-INF/validation.xml via Hibernate Validator's class loader
2023-01-31 20:42:10,278 DEBUG [background-preinit][ResourceLoaderHelper.java:66] - Trying to load META-INF/validation.xml via Hibernate Validator's class loader
2023-01-31 20:42:10,279 DEBUG [background-preinit][ValidationXmlParser.java:127] - No META-INF/validation.xml found. Using annotation based configuration only.
2023-01-31 20:42:10,279 DEBUG [background-preinit][ValidationXmlParser.java:127] - No META-INF/validation.xml found. Using annotation based configuration only.
2023-01-31 20:42:10,285 DEBUG [background-preinit][TraversableResolvers.java:60] - Cannot find javax.persistence.Persistence on classpath. Assuming non JPA 2 environment. All properties will per default be traversable.
2023-01-31 20:42:10,285 DEBUG [background-preinit][TraversableResolvers.java:60] - Cannot find javax.persistence.Persistence on classpath. Assuming non JPA 2 environment. All properties will per default be traversable.
2023-01-31 20:42:10,325 DEBUG [background-preinit][ResourceBundleMessageInterpolator.java:172] - Loaded expression factory via original TCCL
2023-01-31 20:42:10,325 DEBUG [background-preinit][ResourceBundleMessageInterpolator.java:172] - Loaded expression factory via original TCCL
2023-01-31 20:42:10,578 DEBUG [background-preinit][ValidatorFactoryConfigurationHelper.java:300] - HV000252: Using org.hibernate.validator.internal.engine.DefaultPropertyNodeNameProvider as property node name provider.
2023-01-31 20:42:10,578 DEBUG [background-preinit][ValidatorFactoryConfigurationHelper.java:300] - HV000252: Using org.hibernate.validator.internal.engine.DefaultPropertyNodeNameProvider as property node name provider.
2023-01-31 20:42:10,593 DEBUG [background-preinit][ValidatorFactoryConfigurationHelper.java:375] - HV000234: Using org.hibernate.validator.messageinterpolation.ResourceBundleMessageInterpolator as ValidatorFactory-scoped message interpolator.
2023-01-31 20:42:10,593 DEBUG [background-preinit][ValidatorFactoryConfigurationHelper.java:375] - HV000234: Using org.hibernate.validator.messageinterpolation.ResourceBundleMessageInterpolator as ValidatorFactory-scoped message interpolator.
2023-01-31 20:42:10,594 DEBUG [background-preinit][ValidatorFactoryConfigurationHelper.java:376] - HV000234: Using org.hibernate.validator.internal.engine.resolver.TraverseAllTraversableResolver as ValidatorFactory-scoped traversable resolver.
2023-01-31 20:42:10,594 DEBUG [background-preinit][ValidatorFactoryConfigurationHelper.java:376] - HV000234: Using org.hibernate.validator.internal.engine.resolver.TraverseAllTraversableResolver as ValidatorFactory-scoped traversable resolver.
2023-01-31 20:42:10,594 DEBUG [background-preinit][ValidatorFactoryConfigurationHelper.java:377] - HV000234: Using org.hibernate.validator.internal.util.ExecutableParameterNameProvider as ValidatorFactory-scoped parameter name provider.
2023-01-31 20:42:10,594 DEBUG [background-preinit][ValidatorFactoryConfigurationHelper.java:377] - HV000234: Using org.hibernate.validator.internal.util.ExecutableParameterNameProvider as ValidatorFactory-scoped parameter name provider.
2023-01-31 20:42:10,595 DEBUG [background-preinit][ValidatorFactoryConfigurationHelper.java:378] - HV000234: Using org.hibernate.validator.internal.engine.DefaultClockProvider as ValidatorFactory-scoped clock provider.
2023-01-31 20:42:10,595 DEBUG [background-preinit][ValidatorFactoryConfigurationHelper.java:378] - HV000234: Using org.hibernate.validator.internal.engine.DefaultClockProvider as ValidatorFactory-scoped clock provider.
2023-01-31 20:42:10,595 DEBUG [background-preinit][ValidatorFactoryConfigurationHelper.java:379] - HV000234: Using org.hibernate.validator.internal.engine.scripting.DefaultScriptEvaluatorFactory as ValidatorFactory-scoped script evaluator factory.
2023-01-31 20:42:10,595 DEBUG [background-preinit][ValidatorFactoryConfigurationHelper.java:379] - HV000234: Using org.hibernate.validator.internal.engine.scripting.DefaultScriptEvaluatorFactory as ValidatorFactory-scoped script evaluator factory.
2023-01-31 20:42:13,364 WARN [main][NacosPropertySourceBuilder.java:87] - Ignore the empty nacos configuration and get it based on dataId[content-service] & group[xuecheng-plus-project]
2023-01-31 20:42:13,364 WARN [main][NacosPropertySourceBuilder.java:87] - Ignore the empty nacos configuration and get it based on dataId[content-service] & group[xuecheng-plus-project]
2023-01-31 20:42:13,374 WARN [main][NacosPropertySourceBuilder.java:87] - Ignore the empty nacos configuration and get it based on dataId[content-service.yaml] & group[xuecheng-plus-project]
2023-01-31 20:42:13,374 WARN [main][NacosPropertySourceBuilder.java:87] - Ignore the empty nacos configuration and get it based on dataId[content-service.yaml] & group[xuecheng-plus-project]
2023-01-31 20:42:13,406 DEBUG [main][NacosPropertySourceBuilder.java:93] - Loading nacos data, dataId: 'content-service-dev.yaml', group: 'xuecheng-plus-project', data: spring:
  datasource:
    driver-class-name: com.mysql.cj.jdbc.Driver
    url: jdbc:mysql://192.168.101.65:3306/xcplus_content?serverTimezone=UTC&userUnicode=true&useSSL=false&
    username: root
    password: mysql
2023-01-31 20:42:13,406 DEBUG [main][NacosPropertySourceBuilder.java:93] - Loading nacos data, dataId: 'content-service-dev.yaml', group: 'xuecheng-plus-project', data: spring:
  datasource:
    driver-class-name: com.mysql.cj.jdbc.Driver
    url: jdbc:mysql://192.168.101.65:3306/xcplus_content?serverTimezone=UTC&userUnicode=true&useSSL=false&
    username: root
    password: mysql
2023-01-31 20:42:13,416 INFO [main][PropertySourceBootstrapConfiguration.java:112] - Located property source: [BootstrapPropertySource {name='bootstrapProperties-content-service-dev.yaml,xuecheng-plus-project'}, BootstrapPropertySource {name='bootstrapProperties-content-service.yaml,xuecheng-plus-project'}, BootstrapPropertySource {name='bootstrapProperties-content-service,xuecheng-plus-project'}]
2023-01-31 20:42:13,416 INFO [main][PropertySourceBootstrapConfiguration.java:112] - Located property source: [BootstrapPropertySource {name='bootstrapProperties-content-service-dev.yaml,xuecheng-plus-project'}, BootstrapPropertySource {name='bootstrapProperties-content-service.yaml,xuecheng-plus-project'}, BootstrapPropertySource {name='bootstrapProperties-content-service,xuecheng-plus-project'}]
2023-01-31 20:42:13,460 INFO [main][SpringApplication.java:655] - The following profiles are active: dev
2023-01-31 20:42:13,460 INFO [main][SpringApplication.java:655] - The following profiles are active: dev
2023-01-31 20:42:13,973 DEBUG [main][LogFactory.java:105] - Logging initialized using 'class org.apache.ibatis.logging.slf4j.Slf4jImpl' adapter.
2023-01-31 20:42:13,973 DEBUG [main][LogFactory.java:105] - Logging initialized using 'class org.apache.ibatis.logging.slf4j.Slf4jImpl' adapter.
2023-01-31 20:42:14,077 INFO [main][GenericScope.java:295] - BeanFactory id=1b53a00b-86f4-381c-8bae-59510853ccee
2023-01-31 20:42:14,077 INFO [main][GenericScope.java:295] - BeanFactory id=1b53a00b-86f4-381c-8bae-59510853ccee
2023-01-31 20:42:14,311 DEBUG [main][HikariConfig.java:946] - Driver class com.mysql.cj.jdbc.Driver found in Thread context class loader sun.misc.Launcher$AppClassLoader@18b4aac2
2023-01-31 20:42:14,311 DEBUG [main][HikariConfig.java:946] - Driver class com.mysql.cj.jdbc.Driver found in Thread context class loader sun.misc.Launcher$AppClassLoader@18b4aac2
2023-01-31 20:42:14,428 DEBUG [main][Logger.java:49] - Registered plugin: 'com.baomidou.mybatisplus.extension.plugins.MybatisPlusInterceptor@149debbb'
2023-01-31 20:42:14,428 DEBUG [main][Logger.java:49] - Registered plugin: 'com.baomidou.mybatisplus.extension.plugins.MybatisPlusInterceptor@149debbb'
2023-01-31 20:42:14,572 DEBUG [main][MybatisConfiguration.java:128] - addMappedStatement: com.xuecheng.content.mapper.CourseBaseMapper.insert
2023-01-31 20:42:14,572 DEBUG [main][MybatisConfiguration.java:128] - addMappedStatement: com.xuecheng.content.mapper.CourseBaseMapper.insert
2023-01-31 20:42:14,579 DEBUG [main][MybatisConfiguration.java:128] - addMappedStatement: com.xuecheng.content.mapper.CourseBaseMapper.delete
2023-01-31 20:42:14,579 DEBUG [main][MybatisConfiguration.java:128] - addMappedStatement: com.xuecheng.content.mapper.CourseBaseMapper.delete
2023-01-31 20:42:14,583 DEBUG [main][MybatisConfiguration.java:128] - addMappedStatement: com.xuecheng.content.mapper.CourseBaseMapper.deleteByMap
2023-01-31 20:42:14,583 DEBUG [main][MybatisConfiguration.java:128] - addMappedStatement: com.xuecheng.content.mapper.CourseBaseMapper.deleteByMap
2023-01-31 20:42:14,631 DEBUG [main][MybatisConfiguration.java:128] - addMappedStatement: com.xuecheng.content.mapper.CourseBaseMapper.deleteById
2023-01-31 20:42:14,631 DEBUG [main][MybatisConfiguration.java:128] - addMappedStatement: com.xuecheng.content.mapper.CourseBaseMapper.deleteById
2023-01-31 20:42:14,634 DEBUG [main][MybatisConfiguration.java:128] - addMappedStatement: com.xuecheng.content.mapper.CourseBaseMapper.deleteBatchIds
2023-01-31 20:42:14,634 DEBUG [main][MybatisConfiguration.java:128] - addMappedStatement: com.xuecheng.content.mapper.CourseBaseMapper.deleteBatchIds
2023-01-31 20:42:14,641 DEBUG [main][MybatisConfiguration.java:128] - addMappedStatement: com.xuecheng.content.mapper.CourseBaseMapper.update
2023-01-31 20:42:14,641 DEBUG [main][MybatisConfiguration.java:128] - addMappedStatement: com.xuecheng.content.mapper.CourseBaseMapper.update
2023-01-31 20:42:14,654 DEBUG [main][MybatisConfiguration.java:128] - addMappedStatement: com.xuecheng.content.mapper.CourseBaseMapper.updateById
2023-01-31 20:42:14,654 DEBUG [main][MybatisConfiguration.java:128] - addMappedStatement: com.xuecheng.content.mapper.CourseBaseMapper.updateById
2023-01-31 20:42:14,656 DEBUG [main][MybatisConfiguration.java:128] - addMappedStatement: com.xuecheng.content.mapper.CourseBaseMapper.selectById
2023-01-31 20:42:14,656 DEBUG [main][MybatisConfiguration.java:128] - addMappedStatement: com.xuecheng.content.mapper.CourseBaseMapper.selectById
2023-01-31 20:42:14,657 DEBUG [main][MybatisConfiguration.java:128] - addMappedStatement: com.xuecheng.content.mapper.CourseBaseMapper.selectBatchIds
2023-01-31 20:42:14,657 DEBUG [main][MybatisConfiguration.java:128] - addMappedStatement: com.xuecheng.content.mapper.CourseBaseMapper.selectBatchIds
2023-01-31 20:42:14,660 DEBUG [main][MybatisConfiguration.java:128] - addMappedStatement: com.xuecheng.content.mapper.CourseBaseMapper.selectByMap
2023-01-31 20:42:14,660 DEBUG [main][MybatisConfiguration.java:128] - addMappedStatement: com.xuecheng.content.mapper.CourseBaseMapper.selectByMap
2023-01-31 20:42:14,666 DEBUG [main][MybatisConfiguration.java:128] - addMappedStatement: com.xuecheng.content.mapper.CourseBaseMapper.selectOne
2023-01-31 20:42:14,666 DEBUG [main][MybatisConfiguration.java:128] - addMappedStatement: com.xuecheng.content.mapper.CourseBaseMapper.selectOne
2023-01-31 20:42:14,668 DEBUG [main][MybatisConfiguration.java:128] - addMappedStatement: com.xuecheng.content.mapper.CourseBaseMapper.selectCount
2023-01-31 20:42:14,668 DEBUG [main][MybatisConfiguration.java:128] - addMappedStatement: com.xuecheng.content.mapper.CourseBaseMapper.selectCount
2023-01-31 20:42:14,671 DEBUG [main][MybatisConfiguration.java:128] - addMappedStatement: com.xuecheng.content.mapper.CourseBaseMapper.selectMaps
2023-01-31 20:42:14,671 DEBUG [main][MybatisConfiguration.java:128] - addMappedStatement: com.xuecheng.content.mapper.CourseBaseMapper.selectMaps
2023-01-31 20:42:14,674 DEBUG [main][MybatisConfiguration.java:128] - addMappedStatement: com.xuecheng.content.mapper.CourseBaseMapper.selectMapsPage
2023-01-31 20:42:14,674 DEBUG [main][MybatisConfiguration.java:128] - addMappedStatement: com.xuecheng.content.mapper.CourseBaseMapper.selectMapsPage
2023-01-31 20:42:14,676 DEBUG [main][MybatisConfiguration.java:128] - addMappedStatement: com.xuecheng.content.mapper.CourseBaseMapper.selectObjs
2023-01-31 20:42:14,676 DEBUG [main][MybatisConfiguration.java:128] - addMappedStatement: com.xuecheng.content.mapper.CourseBaseMapper.selectObjs
2023-01-31 20:42:14,679 DEBUG [main][MybatisConfiguration.java:128] - addMappedStatement: com.xuecheng.content.mapper.CourseBaseMapper.selectList
2023-01-31 20:42:14,679 DEBUG [main][MybatisConfiguration.java:128] - addMappedStatement: com.xuecheng.content.mapper.CourseBaseMapper.selectList
2023-01-31 20:42:14,683 DEBUG [main][MybatisConfiguration.java:128] - addMappedStatement: com.xuecheng.content.mapper.CourseBaseMapper.selectPage
2023-01-31 20:42:14,683 DEBUG [main][MybatisConfiguration.java:128] - addMappedStatement: com.xuecheng.content.mapper.CourseBaseMapper.selectPage
2023-01-31 20:42:14,684 DEBUG [main][Logger.java:49] - Parsed mapper file: 'file [D:\Idea 2021\IntelliJ IDEA 2021.1\xuecheng_plus\xuecheng-plus-project\xuecheng-plus-content\xuecheng-plus-content-service\target\classes\mapper\CourseBaseMapper.xml]'
2023-01-31 20:42:14,684 DEBUG [main][Logger.java:49] - Parsed mapper file: 'file [D:\Idea 2021\IntelliJ IDEA 2021.1\xuecheng_plus\xuecheng-plus-project\xuecheng-plus-content\xuecheng-plus-content-service\target\classes\mapper\CourseBaseMapper.xml]'
2023-01-31 20:42:14,699 DEBUG [main][MybatisConfiguration.java:128] - addMappedStatement: com.xuecheng.content.mapper.CourseCategoryMapper.selectTreeNodes
2023-01-31 20:42:14,699 DEBUG [main][MybatisConfiguration.java:128] - addMappedStatement: com.xuecheng.content.mapper.CourseCategoryMapper.selectTreeNodes
2023-01-31 20:42:14,703 DEBUG [main][MybatisConfiguration.java:128] - addMappedStatement: com.xuecheng.content.mapper.CourseCategoryMapper.insert
2023-01-31 20:42:14,703 DEBUG [main][MybatisConfiguration.java:128] - addMappedStatement: com.xuecheng.content.mapper.CourseCategoryMapper.insert
2023-01-31 20:42:14,706 DEBUG [main][MybatisConfiguration.java:128] - addMappedStatement: com.xuecheng.content.mapper.CourseCategoryMapper.delete
2023-01-31 20:42:14,706 DEBUG [main][MybatisConfiguration.java:128] - addMappedStatement: com.xuecheng.content.mapper.CourseCategoryMapper.delete
2023-01-31 20:42:14,707 DEBUG [main][MybatisConfiguration.java:128] - addMappedStatement: com.xuecheng.content.mapper.CourseCategoryMapper.deleteByMap
2023-01-31 20:42:14,707 DEBUG [main][MybatisConfiguration.java:128] - addMappedStatement: com.xuecheng.content.mapper.CourseCategoryMapper.deleteByMap
2023-01-31 20:42:14,709 DEBUG [main][MybatisConfiguration.java:128] - addMappedStatement: com.xuecheng.content.mapper.CourseCategoryMapper.deleteById
2023-01-31 20:42:14,709 DEBUG [main][MybatisConfiguration.java:128] - addMappedStatement: com.xuecheng.content.mapper.CourseCategoryMapper.deleteById
2023-01-31 20:42:14,711 DEBUG [main][MybatisConfiguration.java:128] - addMappedStatement: com.xuecheng.content.mapper.CourseCategoryMapper.deleteBatchIds
2023-01-31 20:42:14,711 DEBUG [main][MybatisConfiguration.java:128] - addMappedStatement: com.xuecheng.content.mapper.CourseCategoryMapper.deleteBatchIds
2023-01-31 20:42:14,714 DEBUG [main][MybatisConfiguration.java:128] - addMappedStatement: com.xuecheng.content.mapper.CourseCategoryMapper.update
2023-01-31 20:42:14,714 DEBUG [main][MybatisConfiguration.java:128] - addMappedStatement: com.xuecheng.content.mapper.CourseCategoryMapper.update
2023-01-31 20:42:14,716 DEBUG [main][MybatisConfiguration.java:128] - addMappedStatement: com.xuecheng.content.mapper.CourseCategoryMapper.updateById
2023-01-31 20:42:14,716 DEBUG [main][MybatisConfiguration.java:128] - addMappedStatement: com.xuecheng.content.mapper.CourseCategoryMapper.updateById
2023-01-31 20:42:14,717 DEBUG [main][MybatisConfiguration.java:128] - addMappedStatement: com.xuecheng.content.mapper.CourseCategoryMapper.selectById
2023-01-31 20:42:14,717 DEBUG [main][MybatisConfiguration.java:128] - addMappedStatement: com.xuecheng.content.mapper.CourseCategoryMapper.selectById
2023-01-31 20:42:14,718 DEBUG [main][MybatisConfiguration.java:128] - addMappedStatement: com.xuecheng.content.mapper.CourseCategoryMapper.selectBatchIds
2023-01-31 20:42:14,718 DEBUG [main][MybatisConfiguration.java:128] - addMappedStatement: com.xuecheng.content.mapper.CourseCategoryMapper.selectBatchIds
2023-01-31 20:42:14,719 DEBUG [main][MybatisConfiguration.java:128] - addMappedStatement: com.xuecheng.content.mapper.CourseCategoryMapper.selectByMap
2023-01-31 20:42:14,719 DEBUG [main][MybatisConfiguration.java:128] - addMappedStatement: com.xuecheng.content.mapper.CourseCategoryMapper.selectByMap
2023-01-31 20:42:14,722 DEBUG [main][MybatisConfiguration.java:128] - addMappedStatement: com.xuecheng.content.mapper.CourseCategoryMapper.selectOne
2023-01-31 20:42:14,722 DEBUG [main][MybatisConfiguration.java:128] - addMappedStatement: com.xuecheng.content.mapper.CourseCategoryMapper.selectOne
2023-01-31 20:42:14,724 DEBUG [main][MybatisConfiguration.java:128] - addMappedStatement: com.xuecheng.content.mapper.CourseCategoryMapper.selectCount
2023-01-31 20:42:14,724 DEBUG [main][MybatisConfiguration.java:128] - addMappedStatement: com.xuecheng.content.mapper.CourseCategoryMapper.selectCount
2023-01-31 20:42:14,727 DEBUG [main][MybatisConfiguration.java:128] - addMappedStatement: com.xuecheng.content.mapper.CourseCategoryMapper.selectMaps
2023-01-31 20:42:14,727 DEBUG [main][MybatisConfiguration.java:128] - addMappedStatement: com.xuecheng.content.mapper.CourseCategoryMapper.selectMaps
2023-01-31 20:42:14,728 DEBUG [main][MybatisConfiguration.java:128] - addMappedStatement: com.xuecheng.content.mapper.CourseCategoryMapper.selectMapsPage
2023-01-31 20:42:14,728 DEBUG [main][MybatisConfiguration.java:128] - addMappedStatement: com.xuecheng.content.mapper.CourseCategoryMapper.selectMapsPage
2023-01-31 20:42:14,730 DEBUG [main][MybatisConfiguration.java:128] - addMappedStatement: com.xuecheng.content.mapper.CourseCategoryMapper.selectObjs
2023-01-31 20:42:14,730 DEBUG [main][MybatisConfiguration.java:128] - addMappedStatement: com.xuecheng.content.mapper.CourseCategoryMapper.selectObjs
2023-01-31 20:42:14,733 DEBUG [main][MybatisConfiguration.java:128] - addMappedStatement: com.xuecheng.content.mapper.CourseCategoryMapper.selectList
2023-01-31 20:42:14,733 DEBUG [main][MybatisConfiguration.java:128] - addMappedStatement: com.xuecheng.content.mapper.CourseCategoryMapper.selectList
2023-01-31 20:42:14,736 DEBUG [main][MybatisConfiguration.java:128] - addMappedStatement: com.xuecheng.content.mapper.CourseCategoryMapper.selectPage
2023-01-31 20:42:14,736 DEBUG [main][MybatisConfiguration.java:128] - addMappedStatement: com.xuecheng.content.mapper.CourseCategoryMapper.selectPage
2023-01-31 20:42:14,736 DEBUG [main][Logger.java:49] - Parsed mapper file: 'file [D:\Idea 2021\IntelliJ IDEA 2021.1\xuecheng_plus\xuecheng-plus-project\xuecheng-plus-content\xuecheng-plus-content-service\target\classes\mapper\CourseCategoryMapper.xml]'
2023-01-31 20:42:14,736 DEBUG [main][Logger.java:49] - Parsed mapper file: 'file [D:\Idea 2021\IntelliJ IDEA 2021.1\xuecheng_plus\xuecheng-plus-project\xuecheng-plus-content\xuecheng-plus-content-service\target\classes\mapper\CourseCategoryMapper.xml]'
2023-01-31 20:42:14,745 DEBUG [main][MybatisConfiguration.java:128] - addMappedStatement: com.xuecheng.content.mapper.CourseMarketMapper.insert
2023-01-31 20:42:14,745 DEBUG [main][MybatisConfiguration.java:128] - addMappedStatement: com.xuecheng.content.mapper.CourseMarketMapper.insert
2023-01-31 20:42:14,747 DEBUG [main][MybatisConfiguration.java:128] - addMappedStatement: com.xuecheng.content.mapper.CourseMarketMapper.delete
2023-01-31 20:42:14,747 DEBUG [main][MybatisConfiguration.java:128] - addMappedStatement: com.xuecheng.content.mapper.CourseMarketMapper.delete
2023-01-31 20:42:14,749 DEBUG [main][MybatisConfiguration.java:128] - addMappedStatement: com.xuecheng.content.mapper.CourseMarketMapper.deleteByMap
2023-01-31 20:42:14,749 DEBUG [main][MybatisConfiguration.java:128] - addMappedStatement: com.xuecheng.content.mapper.CourseMarketMapper.deleteByMap
2023-01-31 20:42:14,751 DEBUG [main][MybatisConfiguration.java:128] - addMappedStatement: com.xuecheng.content.mapper.CourseMarketMapper.deleteById
2023-01-31 20:42:14,751 DEBUG [main][MybatisConfiguration.java:128] - addMappedStatement: com.xuecheng.content.mapper.CourseMarketMapper.deleteById
2023-01-31 20:42:14,753 DEBUG [main][MybatisConfiguration.java:128] - addMappedStatement: com.xuecheng.content.mapper.CourseMarketMapper.deleteBatchIds
2023-01-31 20:42:14,753 DEBUG [main][MybatisConfiguration.java:128] - addMappedStatement: com.xuecheng.content.mapper.CourseMarketMapper.deleteBatchIds
2023-01-31 20:42:14,755 DEBUG [main][MybatisConfiguration.java:128] - addMappedStatement: com.xuecheng.content.mapper.CourseMarketMapper.update
2023-01-31 20:42:14,755 DEBUG [main][MybatisConfiguration.java:128] - addMappedStatement: com.xuecheng.content.mapper.CourseMarketMapper.update
2023-01-31 20:42:14,757 DEBUG [main][MybatisConfiguration.java:128] - addMappedStatement: com.xuecheng.content.mapper.CourseMarketMapper.updateById
2023-01-31 20:42:14,757 DEBUG [main][MybatisConfiguration.java:128] - addMappedStatement: com.xuecheng.content.mapper.CourseMarketMapper.updateById
2023-01-31 20:42:14,758 DEBUG [main][MybatisConfiguration.java:128] - addMappedStatement: com.xuecheng.content.mapper.CourseMarketMapper.selectById
2023-01-31 20:42:14,758 DEBUG [main][MybatisConfiguration.java:128] - addMappedStatement: com.xuecheng.content.mapper.CourseMarketMapper.selectById
2023-01-31 20:42:14,759 DEBUG [main][MybatisConfiguration.java:128] - addMappedStatement: com.xuecheng.content.mapper.CourseMarketMapper.selectBatchIds
2023-01-31 20:42:14,759 DEBUG [main][MybatisConfiguration.java:128] - addMappedStatement: com.xuecheng.content.mapper.CourseMarketMapper.selectBatchIds
2023-01-31 20:42:14,761 DEBUG [main][MybatisConfiguration.java:128] - addMappedStatement: com.xuecheng.content.mapper.CourseMarketMapper.selectByMap
2023-01-31 20:42:14,761 DEBUG [main][MybatisConfiguration.java:128] - addMappedStatement: com.xuecheng.content.mapper.CourseMarketMapper.selectByMap
2023-01-31 20:42:14,764 DEBUG [main][MybatisConfiguration.java:128] - addMappedStatement: com.xuecheng.content.mapper.CourseMarketMapper.selectOne
2023-01-31 20:42:14,764 DEBUG [main][MybatisConfiguration.java:128] - addMappedStatement: com.xuecheng.content.mapper.CourseMarketMapper.selectOne
2023-01-31 20:42:14,765 DEBUG [main][MybatisConfiguration.java:128] - addMappedStatement: com.xuecheng.content.mapper.CourseMarketMapper.selectCount
2023-01-31 20:42:14,765 DEBUG [main][MybatisConfiguration.java:128] - addMappedStatement: com.xuecheng.content.mapper.CourseMarketMapper.selectCount
2023-01-31 20:42:14,767 DEBUG [main][MybatisConfiguration.java:128] - addMappedStatement: com.xuecheng.content.mapper.CourseMarketMapper.selectMaps
2023-01-31 20:42:14,767 DEBUG [main][MybatisConfiguration.java:128] - addMappedStatement: com.xuecheng.content.mapper.CourseMarketMapper.selectMaps
2023-01-31 20:42:14,769 DEBUG [main][MybatisConfiguration.java:128] - addMappedStatement: com.xuecheng.content.mapper.CourseMarketMapper.selectMapsPage
2023-01-31 20:42:14,769 DEBUG [main][MybatisConfiguration.java:128] - addMappedStatement: com.xuecheng.content.mapper.CourseMarketMapper.selectMapsPage
2023-01-31 20:42:14,772 DEBUG [main][MybatisConfiguration.java:128] - addMappedStatement: com.xuecheng.content.mapper.CourseMarketMapper.selectObjs
2023-01-31 20:42:14,772 DEBUG [main][MybatisConfiguration.java:128] - addMappedStatement: com.xuecheng.content.mapper.CourseMarketMapper.selectObjs
2023-01-31 20:42:14,773 DEBUG [main][MybatisConfiguration.java:128] - addMappedStatement: com.xuecheng.content.mapper.CourseMarketMapper.selectList
2023-01-31 20:42:14,773 DEBUG [main][MybatisConfiguration.java:128] - addMappedStatement: com.xuecheng.content.mapper.CourseMarketMapper.selectList
2023-01-31 20:42:14,776 DEBUG [main][MybatisConfiguration.java:128] - addMappedStatement: com.xuecheng.content.mapper.CourseMarketMapper.selectPage
2023-01-31 20:42:14,776 DEBUG [main][MybatisConfiguration.java:128] - addMappedStatement: com.xuecheng.content.mapper.CourseMarketMapper.selectPage
2023-01-31 20:42:14,776 DEBUG [main][Logger.java:49] - Parsed mapper file: 'file [D:\Idea 2021\IntelliJ IDEA 2021.1\xuecheng_plus\xuecheng-plus-project\xuecheng-plus-content\xuecheng-plus-content-service\target\classes\mapper\CourseMarketMapper.xml]'
2023-01-31 20:42:14,776 DEBUG [main][Logger.java:49] - Parsed mapper file: 'file [D:\Idea 2021\IntelliJ IDEA 2021.1\xuecheng_plus\xuecheng-plus-project\xuecheng-plus-content\xuecheng-plus-content-service\target\classes\mapper\CourseMarketMapper.xml]'
2023-01-31 20:42:14,792 DEBUG [main][MybatisConfiguration.java:128] - addMappedStatement: com.xuecheng.content.mapper.CoursePublishMapper.insert
2023-01-31 20:42:14,792 DEBUG [main][MybatisConfiguration.java:128] - addMappedStatement: com.xuecheng.content.mapper.CoursePublishMapper.insert
2023-01-31 20:42:14,795 DEBUG [main][MybatisConfiguration.java:128] - addMappedStatement: com.xuecheng.content.mapper.CoursePublishMapper.delete
2023-01-31 20:42:14,795 DEBUG [main][MybatisConfiguration.java:128] - addMappedStatement: com.xuecheng.content.mapper.CoursePublishMapper.delete
2023-01-31 20:42:14,797 DEBUG [main][MybatisConfiguration.java:128] - addMappedStatement: com.xuecheng.content.mapper.CoursePublishMapper.deleteByMap
2023-01-31 20:42:14,797 DEBUG [main][MybatisConfiguration.java:128] - addMappedStatement: com.xuecheng.content.mapper.CoursePublishMapper.deleteByMap
2023-01-31 20:42:14,799 DEBUG [main][MybatisConfiguration.java:128] - addMappedStatement: com.xuecheng.content.mapper.CoursePublishMapper.deleteById
2023-01-31 20:42:14,799 DEBUG [main][MybatisConfiguration.java:128] - addMappedStatement: com.xuecheng.content.mapper.CoursePublishMapper.deleteById
2023-01-31 20:42:14,802 DEBUG [main][MybatisConfiguration.java:128] - addMappedStatement: com.xuecheng.content.mapper.CoursePublishMapper.deleteBatchIds
2023-01-31 20:42:14,802 DEBUG [main][MybatisConfiguration.java:128] - addMappedStatement: com.xuecheng.content.mapper.CoursePublishMapper.deleteBatchIds
2023-01-31 20:42:14,806 DEBUG [main][MybatisConfiguration.java:128] - addMappedStatement: com.xuecheng.content.mapper.CoursePublishMapper.update
2023-01-31 20:42:14,806 DEBUG [main][MybatisConfiguration.java:128] - addMappedStatement: com.xuecheng.content.mapper.CoursePublishMapper.update
2023-01-31 20:42:14,809 DEBUG [main][MybatisConfiguration.java:128] - addMappedStatement: com.xuecheng.content.mapper.CoursePublishMapper.updateById
2023-01-31 20:42:14,809 DEBUG [main][MybatisConfiguration.java:128] - addMappedStatement: com.xuecheng.content.mapper.CoursePublishMapper.updateById
2023-01-31 20:42:14,810 DEBUG [main][MybatisConfiguration.java:128] - addMappedStatement: com.xuecheng.content.mapper.CoursePublishMapper.selectById
2023-01-31 20:42:14,810 DEBUG [main][MybatisConfiguration.java:128] - addMappedStatement: com.xuecheng.content.mapper.CoursePublishMapper.selectById
2023-01-31 20:42:14,812 DEBUG [main][MybatisConfiguration.java:128] - addMappedStatement: com.xuecheng.content.mapper.CoursePublishMapper.selectBatchIds
2023-01-31 20:42:14,812 DEBUG [main][MybatisConfiguration.java:128] - addMappedStatement: com.xuecheng.content.mapper.CoursePublishMapper.selectBatchIds
2023-01-31 20:42:14,814 DEBUG [main][MybatisConfiguration.java:128] - addMappedStatement: com.xuecheng.content.mapper.CoursePublishMapper.selectByMap
2023-01-31 20:42:14,814 DEBUG [main][MybatisConfiguration.java:128] - addMappedStatement: com.xuecheng.content.mapper.CoursePublishMapper.selectByMap
2023-01-31 20:42:14,817 DEBUG [main][MybatisConfiguration.java:128] - addMappedStatement: com.xuecheng.content.mapper.CoursePublishMapper.selectOne
2023-01-31 20:42:14,817 DEBUG [main][MybatisConfiguration.java:128] - addMappedStatement: com.xuecheng.content.mapper.CoursePublishMapper.selectOne
2023-01-31 20:42:14,819 DEBUG [main][MybatisConfiguration.java:128] - addMappedStatement: com.xuecheng.content.mapper.CoursePublishMapper.selectCount
2023-01-31 20:42:14,819 DEBUG [main][MybatisConfiguration.java:128] - addMappedStatement: com.xuecheng.content.mapper.CoursePublishMapper.selectCount
2023-01-31 20:42:14,823 DEBUG [main][MybatisConfiguration.java:128] - addMappedStatement: com.xuecheng.content.mapper.CoursePublishMapper.selectMaps
2023-01-31 20:42:14,823 DEBUG [main][MybatisConfiguration.java:128] - addMappedStatement: com.xuecheng.content.mapper.CoursePublishMapper.selectMaps
2023-01-31 20:42:14,826 DEBUG [main][MybatisConfiguration.java:128] - addMappedStatement: com.xuecheng.content.mapper.CoursePublishMapper.selectMapsPage
2023-01-31 20:42:14,826 DEBUG [main][MybatisConfiguration.java:128] - addMappedStatement: com.xuecheng.content.mapper.CoursePublishMapper.selectMapsPage
2023-01-31 20:42:14,829 DEBUG [main][MybatisConfiguration.java:128] - addMappedStatement: com.xuecheng.content.mapper.CoursePublishMapper.selectObjs
2023-01-31 20:42:14,829 DEBUG [main][MybatisConfiguration.java:128] - addMappedStatement: com.xuecheng.content.mapper.CoursePublishMapper.selectObjs
2023-01-31 20:42:14,833 DEBUG [main][MybatisConfiguration.java:128] - addMappedStatement: com.xuecheng.content.mapper.CoursePublishMapper.selectList
2023-01-31 20:42:14,833 DEBUG [main][MybatisConfiguration.java:128] - addMappedStatement: com.xuecheng.content.mapper.CoursePublishMapper.selectList
2023-01-31 20:42:14,835 DEBUG [main][MybatisConfiguration.java:128] - addMappedStatement: com.xuecheng.content.mapper.CoursePublishMapper.selectPage
2023-01-31 20:42:14,835 DEBUG [main][MybatisConfiguration.java:128] - addMappedStatement: com.xuecheng.content.mapper.CoursePublishMapper.selectPage
2023-01-31 20:42:14,835 DEBUG [main][Logger.java:49] - Parsed mapper file: 'file [D:\Idea 2021\IntelliJ IDEA 2021.1\xuecheng_plus\xuecheng-plus-project\xuecheng-plus-content\xuecheng-plus-content-service\target\classes\mapper\CoursePublishMapper.xml]'
2023-01-31 20:42:14,835 DEBUG [main][Logger.java:49] - Parsed mapper file: 'file [D:\Idea 2021\IntelliJ IDEA 2021.1\xuecheng_plus\xuecheng-plus-project\xuecheng-plus-content\xuecheng-plus-content-service\target\classes\mapper\CoursePublishMapper.xml]'
2023-01-31 20:42:14,847 DEBUG [main][MybatisConfiguration.java:128] - addMappedStatement: com.xuecheng.content.mapper.CourseTeacherMapper.insert
2023-01-31 20:42:14,847 DEBUG [main][MybatisConfiguration.java:128] - addMappedStatement: com.xuecheng.content.mapper.CourseTeacherMapper.insert
2023-01-31 20:42:14,849 DEBUG [main][MybatisConfiguration.java:128] - addMappedStatement: com.xuecheng.content.mapper.CourseTeacherMapper.delete
2023-01-31 20:42:14,849 DEBUG [main][MybatisConfiguration.java:128] - addMappedStatement: com.xuecheng.content.mapper.CourseTeacherMapper.delete
2023-01-31 20:42:14,851 DEBUG [main][MybatisConfiguration.java:128] - addMappedStatement: com.xuecheng.content.mapper.CourseTeacherMapper.deleteByMap
2023-01-31 20:42:14,851 DEBUG [main][MybatisConfiguration.java:128] - addMappedStatement: com.xuecheng.content.mapper.CourseTeacherMapper.deleteByMap
2023-01-31 20:42:14,854 DEBUG [main][MybatisConfiguration.java:128] - addMappedStatement: com.xuecheng.content.mapper.CourseTeacherMapper.deleteById
2023-01-31 20:42:14,854 DEBUG [main][MybatisConfiguration.java:128] - addMappedStatement: com.xuecheng.content.mapper.CourseTeacherMapper.deleteById
2023-01-31 20:42:14,857 DEBUG [main][MybatisConfiguration.java:128] - addMappedStatement: com.xuecheng.content.mapper.CourseTeacherMapper.deleteBatchIds
2023-01-31 20:42:14,857 DEBUG [main][MybatisConfiguration.java:128] - addMappedStatement: com.xuecheng.content.mapper.CourseTeacherMapper.deleteBatchIds
2023-01-31 20:42:14,858 DEBUG [main][MybatisConfiguration.java:128] - addMappedStatement: com.xuecheng.content.mapper.CourseTeacherMapper.update
2023-01-31 20:42:14,858 DEBUG [main][MybatisConfiguration.java:128] - addMappedStatement: com.xuecheng.content.mapper.CourseTeacherMapper.update
2023-01-31 20:42:14,861 DEBUG [main][MybatisConfiguration.java:128] - addMappedStatement: com.xuecheng.content.mapper.CourseTeacherMapper.updateById
2023-01-31 20:42:14,861 DEBUG [main][MybatisConfiguration.java:128] - addMappedStatement: com.xuecheng.content.mapper.CourseTeacherMapper.updateById
2023-01-31 20:42:14,862 DEBUG [main][MybatisConfiguration.java:128] - addMappedStatement: com.xuecheng.content.mapper.CourseTeacherMapper.selectById
2023-01-31 20:42:14,862 DEBUG [main][MybatisConfiguration.java:128] - addMappedStatement: com.xuecheng.content.mapper.CourseTeacherMapper.selectById
2023-01-31 20:42:14,864 DEBUG [main][MybatisConfiguration.java:128] - addMappedStatement: com.xuecheng.content.mapper.CourseTeacherMapper.selectBatchIds
2023-01-31 20:42:14,864 DEBUG [main][MybatisConfiguration.java:128] - addMappedStatement: com.xuecheng.content.mapper.CourseTeacherMapper.selectBatchIds
2023-01-31 20:42:14,865 DEBUG [main][MybatisConfiguration.java:128] - addMappedStatement: com.xuecheng.content.mapper.CourseTeacherMapper.selectByMap
2023-01-31 20:42:14,865 DEBUG [main][MybatisConfiguration.java:128] - addMappedStatement: com.xuecheng.content.mapper.CourseTeacherMapper.selectByMap
2023-01-31 20:42:14,867 DEBUG [main][MybatisConfiguration.java:128] - addMappedStatement: com.xuecheng.content.mapper.CourseTeacherMapper.selectOne
2023-01-31 20:42:14,867 DEBUG [main][MybatisConfiguration.java:128] - addMappedStatement: com.xuecheng.content.mapper.CourseTeacherMapper.selectOne
2023-01-31 20:42:14,870 DEBUG [main][MybatisConfiguration.java:128] - addMappedStatement: com.xuecheng.content.mapper.CourseTeacherMapper.selectCount
2023-01-31 20:42:14,870 DEBUG [main][MybatisConfiguration.java:128] - addMappedStatement: com.xuecheng.content.mapper.CourseTeacherMapper.selectCount
2023-01-31 20:42:14,872 DEBUG [main][MybatisConfiguration.java:128] - addMappedStatement: com.xuecheng.content.mapper.CourseTeacherMapper.selectMaps
2023-01-31 20:42:14,872 DEBUG [main][MybatisConfiguration.java:128] - addMappedStatement: com.xuecheng.content.mapper.CourseTeacherMapper.selectMaps
2023-01-31 20:42:14,874 DEBUG [main][MybatisConfiguration.java:128] - addMappedStatement: com.xuecheng.content.mapper.CourseTeacherMapper.selectMapsPage
2023-01-31 20:42:14,874 DEBUG [main][MybatisConfiguration.java:128] - addMappedStatement: com.xuecheng.content.mapper.CourseTeacherMapper.selectMapsPage
2023-01-31 20:42:14,877 DEBUG [main][MybatisConfiguration.java:128] - addMappedStatement: com.xuecheng.content.mapper.CourseTeacherMapper.selectObjs
2023-01-31 20:42:14,877 DEBUG [main][MybatisConfiguration.java:128] - addMappedStatement: com.xuecheng.content.mapper.CourseTeacherMapper.selectObjs
2023-01-31 20:42:14,880 DEBUG [main][MybatisConfiguration.java:128] - addMappedStatement: com.xuecheng.content.mapper.CourseTeacherMapper.selectList
2023-01-31 20:42:14,880 DEBUG [main][MybatisConfiguration.java:128] - addMappedStatement: com.xuecheng.content.mapper.CourseTeacherMapper.selectList
2023-01-31 20:42:14,882 DEBUG [main][MybatisConfiguration.java:128] - addMappedStatement: com.xuecheng.content.mapper.CourseTeacherMapper.selectPage
2023-01-31 20:42:14,882 DEBUG [main][MybatisConfiguration.java:128] - addMappedStatement: com.xuecheng.content.mapper.CourseTeacherMapper.selectPage
2023-01-31 20:42:14,883 DEBUG [main][Logger.java:49] - Parsed mapper file: 'file [D:\Idea 2021\IntelliJ IDEA 2021.1\xuecheng_plus\xuecheng-plus-project\xuecheng-plus-content\xuecheng-plus-content-service\target\classes\mapper\CourseTeacherMapper.xml]'
2023-01-31 20:42:14,883 DEBUG [main][Logger.java:49] - Parsed mapper file: 'file [D:\Idea 2021\IntelliJ IDEA 2021.1\xuecheng_plus\xuecheng-plus-project\xuecheng-plus-content\xuecheng-plus-content-service\target\classes\mapper\CourseTeacherMapper.xml]'
2023-01-31 20:42:14,896 DEBUG [main][MybatisConfiguration.java:128] - addMappedStatement: com.xuecheng.content.mapper.TeachplanMapper.selectTreeNodes
2023-01-31 20:42:14,896 DEBUG [main][MybatisConfiguration.java:128] - addMappedStatement: com.xuecheng.content.mapper.TeachplanMapper.selectTreeNodes
2023-01-31 20:42:14,900 DEBUG [main][MybatisConfiguration.java:128] - addMappedStatement: com.xuecheng.content.mapper.TeachplanMapper.insert
2023-01-31 20:42:14,900 DEBUG [main][MybatisConfiguration.java:128] - addMappedStatement: com.xuecheng.content.mapper.TeachplanMapper.insert
2023-01-31 20:42:14,903 DEBUG [main][MybatisConfiguration.java:128] - addMappedStatement: com.xuecheng.content.mapper.TeachplanMapper.delete
2023-01-31 20:42:14,903 DEBUG [main][MybatisConfiguration.java:128] - addMappedStatement: com.xuecheng.content.mapper.TeachplanMapper.delete
2023-01-31 20:42:14,904 DEBUG [main][MybatisConfiguration.java:128] - addMappedStatement: com.xuecheng.content.mapper.TeachplanMapper.deleteByMap
2023-01-31 20:42:14,904 DEBUG [main][MybatisConfiguration.java:128] - addMappedStatement: com.xuecheng.content.mapper.TeachplanMapper.deleteByMap
2023-01-31 20:42:14,907 DEBUG [main][MybatisConfiguration.java:128] - addMappedStatement: com.xuecheng.content.mapper.TeachplanMapper.deleteById
2023-01-31 20:42:14,907 DEBUG [main][MybatisConfiguration.java:128] - addMappedStatement: com.xuecheng.content.mapper.TeachplanMapper.deleteById
2023-01-31 20:42:14,910 DEBUG [main][MybatisConfiguration.java:128] - addMappedStatement: com.xuecheng.content.mapper.TeachplanMapper.deleteBatchIds
2023-01-31 20:42:14,910 DEBUG [main][MybatisConfiguration.java:128] - addMappedStatement: com.xuecheng.content.mapper.TeachplanMapper.deleteBatchIds
2023-01-31 20:42:14,912 DEBUG [main][MybatisConfiguration.java:128] - addMappedStatement: com.xuecheng.content.mapper.TeachplanMapper.update
2023-01-31 20:42:14,912 DEBUG [main][MybatisConfiguration.java:128] - addMappedStatement: com.xuecheng.content.mapper.TeachplanMapper.update
2023-01-31 20:42:14,914 DEBUG [main][MybatisConfiguration.java:128] - addMappedStatement: com.xuecheng.content.mapper.TeachplanMapper.updateById
2023-01-31 20:42:14,914 DEBUG [main][MybatisConfiguration.java:128] - addMappedStatement: com.xuecheng.content.mapper.TeachplanMapper.updateById
2023-01-31 20:42:14,915 DEBUG [main][MybatisConfiguration.java:128] - addMappedStatement: com.xuecheng.content.mapper.TeachplanMapper.selectById
2023-01-31 20:42:14,915 DEBUG [main][MybatisConfiguration.java:128] - addMappedStatement: com.xuecheng.content.mapper.TeachplanMapper.selectById
2023-01-31 20:42:14,918 DEBUG [main][MybatisConfiguration.java:128] - addMappedStatement: com.xuecheng.content.mapper.TeachplanMapper.selectBatchIds
2023-01-31 20:42:14,918 DEBUG [main][MybatisConfiguration.java:128] - addMappedStatement: com.xuecheng.content.mapper.TeachplanMapper.selectBatchIds
2023-01-31 20:42:14,919 DEBUG [main][MybatisConfiguration.java:128] - addMappedStatement: com.xuecheng.content.mapper.TeachplanMapper.selectByMap
2023-01-31 20:42:14,919 DEBUG [main][MybatisConfiguration.java:128] - addMappedStatement: com.xuecheng.content.mapper.TeachplanMapper.selectByMap
2023-01-31 20:42:14,922 DEBUG [main][MybatisConfiguration.java:128] - addMappedStatement: com.xuecheng.content.mapper.TeachplanMapper.selectOne
2023-01-31 20:42:14,922 DEBUG [main][MybatisConfiguration.java:128] - addMappedStatement: com.xuecheng.content.mapper.TeachplanMapper.selectOne
2023-01-31 20:42:14,924 DEBUG [main][MybatisConfiguration.java:128] - addMappedStatement: com.xuecheng.content.mapper.TeachplanMapper.selectCount
2023-01-31 20:42:14,924 DEBUG [main][MybatisConfiguration.java:128] - addMappedStatement: com.xuecheng.content.mapper.TeachplanMapper.selectCount
2023-01-31 20:42:14,927 DEBUG [main][MybatisConfiguration.java:128] - addMappedStatement: com.xuecheng.content.mapper.TeachplanMapper.selectMaps
2023-01-31 20:42:14,927 DEBUG [main][MybatisConfiguration.java:128] - addMappedStatement: com.xuecheng.content.mapper.TeachplanMapper.selectMaps
2023-01-31 20:42:14,929 DEBUG [main][MybatisConfiguration.java:128] - addMappedStatement: com.xuecheng.content.mapper.TeachplanMapper.selectMapsPage
2023-01-31 20:42:14,929 DEBUG [main][MybatisConfiguration.java:128] - addMappedStatement: com.xuecheng.content.mapper.TeachplanMapper.selectMapsPage
2023-01-31 20:42:14,932 DEBUG [main][MybatisConfiguration.java:128] - addMappedStatement: com.xuecheng.content.mapper.TeachplanMapper.selectObjs
2023-01-31 20:42:14,932 DEBUG [main][MybatisConfiguration.java:128] - addMappedStatement: com.xuecheng.content.mapper.TeachplanMapper.selectObjs
2023-01-31 20:42:14,934 DEBUG [main][MybatisConfiguration.java:128] - addMappedStatement: com.xuecheng.content.mapper.TeachplanMapper.selectList
2023-01-31 20:42:14,934 DEBUG [main][MybatisConfiguration.java:128] - addMappedStatement: com.xuecheng.content.mapper.TeachplanMapper.selectList
2023-01-31 20:42:14,937 DEBUG [main][MybatisConfiguration.java:128] - addMappedStatement: com.xuecheng.content.mapper.TeachplanMapper.selectPage
2023-01-31 20:42:14,937 DEBUG [main][MybatisConfiguration.java:128] - addMappedStatement: com.xuecheng.content.mapper.TeachplanMapper.selectPage
2023-01-31 20:42:14,937 DEBUG [main][Logger.java:49] - Parsed mapper file: 'file [D:\Idea 2021\IntelliJ IDEA 2021.1\xuecheng_plus\xuecheng-plus-project\xuecheng-plus-content\xuecheng-plus-content-service\target\classes\mapper\TeachplanMapper.xml]'
2023-01-31 20:42:14,937 DEBUG [main][Logger.java:49] - Parsed mapper file: 'file [D:\Idea 2021\IntelliJ IDEA 2021.1\xuecheng_plus\xuecheng-plus-project\xuecheng-plus-content\xuecheng-plus-content-service\target\classes\mapper\TeachplanMapper.xml]'
2023-01-31 20:42:14,948 DEBUG [main][MybatisConfiguration.java:128] - addMappedStatement: com.xuecheng.content.mapper.TeachplanMediaMapper.insert
2023-01-31 20:42:14,948 DEBUG [main][MybatisConfiguration.java:128] - addMappedStatement: com.xuecheng.content.mapper.TeachplanMediaMapper.insert
2023-01-31 20:42:14,949 DEBUG [main][MybatisConfiguration.java:128] - addMappedStatement: com.xuecheng.content.mapper.TeachplanMediaMapper.delete
2023-01-31 20:42:14,949 DEBUG [main][MybatisConfiguration.java:128] - addMappedStatement: com.xuecheng.content.mapper.TeachplanMediaMapper.delete
2023-01-31 20:42:14,951 DEBUG [main][MybatisConfiguration.java:128] - addMappedStatement: com.xuecheng.content.mapper.TeachplanMediaMapper.deleteByMap
2023-01-31 20:42:14,951 DEBUG [main][MybatisConfiguration.java:128] - addMappedStatement: com.xuecheng.content.mapper.TeachplanMediaMapper.deleteByMap
2023-01-31 20:42:14,954 DEBUG [main][MybatisConfiguration.java:128] - addMappedStatement: com.xuecheng.content.mapper.TeachplanMediaMapper.deleteById
2023-01-31 20:42:14,954 DEBUG [main][MybatisConfiguration.java:128] - addMappedStatement: com.xuecheng.content.mapper.TeachplanMediaMapper.deleteById
2023-01-31 20:42:14,956 DEBUG [main][MybatisConfiguration.java:128] - addMappedStatement: com.xuecheng.content.mapper.TeachplanMediaMapper.deleteBatchIds
2023-01-31 20:42:14,956 DEBUG [main][MybatisConfiguration.java:128] - addMappedStatement: com.xuecheng.content.mapper.TeachplanMediaMapper.deleteBatchIds
2023-01-31 20:42:14,958 DEBUG [main][MybatisConfiguration.java:128] - addMappedStatement: com.xuecheng.content.mapper.TeachplanMediaMapper.update
2023-01-31 20:42:14,958 DEBUG [main][MybatisConfiguration.java:128] - addMappedStatement: com.xuecheng.content.mapper.TeachplanMediaMapper.update
2023-01-31 20:42:14,960 DEBUG [main][MybatisConfiguration.java:128] - addMappedStatement: com.xuecheng.content.mapper.TeachplanMediaMapper.updateById
2023-01-31 20:42:14,960 DEBUG [main][MybatisConfiguration.java:128] - addMappedStatement: com.xuecheng.content.mapper.TeachplanMediaMapper.updateById
2023-01-31 20:42:14,961 DEBUG [main][MybatisConfiguration.java:128] - addMappedStatement: com.xuecheng.content.mapper.TeachplanMediaMapper.selectById
2023-01-31 20:42:14,961 DEBUG [main][MybatisConfiguration.java:128] - addMappedStatement: com.xuecheng.content.mapper.TeachplanMediaMapper.selectById
2023-01-31 20:42:14,964 DEBUG [main][MybatisConfiguration.java:128] - addMappedStatement: com.xuecheng.content.mapper.TeachplanMediaMapper.selectBatchIds
2023-01-31 20:42:14,964 DEBUG [main][MybatisConfiguration.java:128] - addMappedStatement: com.xuecheng.content.mapper.TeachplanMediaMapper.selectBatchIds
2023-01-31 20:42:14,965 DEBUG [main][MybatisConfiguration.java:128] - addMappedStatement: com.xuecheng.content.mapper.TeachplanMediaMapper.selectByMap
2023-01-31 20:42:14,965 DEBUG [main][MybatisConfiguration.java:128] - addMappedStatement: com.xuecheng.content.mapper.TeachplanMediaMapper.selectByMap
2023-01-31 20:42:14,967 DEBUG [main][MybatisConfiguration.java:128] - addMappedStatement: com.xuecheng.content.mapper.TeachplanMediaMapper.selectOne
2023-01-31 20:42:14,967 DEBUG [main][MybatisConfiguration.java:128] - addMappedStatement: com.xuecheng.content.mapper.TeachplanMediaMapper.selectOne
2023-01-31 20:42:14,970 DEBUG [main][MybatisConfiguration.java:128] - addMappedStatement: com.xuecheng.content.mapper.TeachplanMediaMapper.selectCount
2023-01-31 20:42:14,970 DEBUG [main][MybatisConfiguration.java:128] - addMappedStatement: com.xuecheng.content.mapper.TeachplanMediaMapper.selectCount
2023-01-31 20:42:14,972 DEBUG [main][MybatisConfiguration.java:128] - addMappedStatement: com.xuecheng.content.mapper.TeachplanMediaMapper.selectMaps
2023-01-31 20:42:14,972 DEBUG [main][MybatisConfiguration.java:128] - addMappedStatement: com.xuecheng.content.mapper.TeachplanMediaMapper.selectMaps
2023-01-31 20:42:14,974 DEBUG [main][MybatisConfiguration.java:128] - addMappedStatement: com.xuecheng.content.mapper.TeachplanMediaMapper.selectMapsPage
2023-01-31 20:42:14,974 DEBUG [main][MybatisConfiguration.java:128] - addMappedStatement: com.xuecheng.content.mapper.TeachplanMediaMapper.selectMapsPage
2023-01-31 20:42:14,977 DEBUG [main][MybatisConfiguration.java:128] - addMappedStatement: com.xuecheng.content.mapper.TeachplanMediaMapper.selectObjs
2023-01-31 20:42:14,977 DEBUG [main][MybatisConfiguration.java:128] - addMappedStatement: com.xuecheng.content.mapper.TeachplanMediaMapper.selectObjs
2023-01-31 20:42:14,980 DEBUG [main][MybatisConfiguration.java:128] - addMappedStatement: com.xuecheng.content.mapper.TeachplanMediaMapper.selectList
2023-01-31 20:42:14,980 DEBUG [main][MybatisConfiguration.java:128] - addMappedStatement: com.xuecheng.content.mapper.TeachplanMediaMapper.selectList
2023-01-31 20:42:14,982 DEBUG [main][MybatisConfiguration.java:128] - addMappedStatement: com.xuecheng.content.mapper.TeachplanMediaMapper.selectPage
2023-01-31 20:42:14,982 DEBUG [main][MybatisConfiguration.java:128] - addMappedStatement: com.xuecheng.content.mapper.TeachplanMediaMapper.selectPage
2023-01-31 20:42:14,982 DEBUG [main][Logger.java:49] - Parsed mapper file: 'file [D:\Idea 2021\IntelliJ IDEA 2021.1\xuecheng_plus\xuecheng-plus-project\xuecheng-plus-content\xuecheng-plus-content-service\target\classes\mapper\TeachplanMediaMapper.xml]'
2023-01-31 20:42:14,982 DEBUG [main][Logger.java:49] - Parsed mapper file: 'file [D:\Idea 2021\IntelliJ IDEA 2021.1\xuecheng_plus\xuecheng-plus-project\xuecheng-plus-content\xuecheng-plus-content-service\target\classes\mapper\TeachplanMediaMapper.xml]'
2023-01-31 20:42:16,890 DEBUG [main][ResourceBundleMessageInterpolator.java:172] - Loaded expression factory via original TCCL
2023-01-31 20:42:16,890 DEBUG [main][ResourceBundleMessageInterpolator.java:172] - Loaded expression factory via original TCCL
2023-01-31 20:42:16,909 DEBUG [main][AbstractConfigurationImpl.java:171] - Setting custom MessageInterpolator of type org.springframework.validation.beanvalidation.LocaleContextMessageInterpolator
2023-01-31 20:42:16,909 DEBUG [main][AbstractConfigurationImpl.java:171] - Setting custom MessageInterpolator of type org.springframework.validation.beanvalidation.LocaleContextMessageInterpolator
2023-01-31 20:42:16,910 DEBUG [main][AbstractConfigurationImpl.java:203] - Setting custom ConstraintValidatorFactory of type org.springframework.validation.beanvalidation.SpringConstraintValidatorFactory
2023-01-31 20:42:16,910 DEBUG [main][AbstractConfigurationImpl.java:203] - Setting custom ConstraintValidatorFactory of type org.springframework.validation.beanvalidation.SpringConstraintValidatorFactory
2023-01-31 20:42:16,911 DEBUG [main][AbstractConfigurationImpl.java:217] - Setting custom ParameterNameProvider of type org.springframework.validation.beanvalidation.LocalValidatorFactoryBean$1
2023-01-31 20:42:16,911 DEBUG [main][AbstractConfigurationImpl.java:217] - Setting custom ParameterNameProvider of type org.springframework.validation.beanvalidation.LocalValidatorFactoryBean$1
2023-01-31 20:42:16,913 DEBUG [main][ValidationXmlParser.java:120] - Trying to load META-INF/validation.xml for XML based Validator configuration.
2023-01-31 20:42:16,913 DEBUG [main][ValidationXmlParser.java:120] - Trying to load META-INF/validation.xml for XML based Validator configuration.
2023-01-31 20:42:16,913 DEBUG [main][ResourceLoaderHelper.java:53] - Trying to load META-INF/validation.xml via user class loader
2023-01-31 20:42:16,913 DEBUG [main][ResourceLoaderHelper.java:53] - Trying to load META-INF/validation.xml via user class loader
2023-01-31 20:42:16,914 DEBUG [main][ResourceLoaderHelper.java:60] - Trying to load META-INF/validation.xml via TCCL
2023-01-31 20:42:16,914 DEBUG [main][ResourceLoaderHelper.java:60] - Trying to load META-INF/validation.xml via TCCL
2023-01-31 20:42:16,915 DEBUG [main][ResourceLoaderHelper.java:66] - Trying to load META-INF/validation.xml via Hibernate Validator's class loader
2023-01-31 20:42:16,915 DEBUG [main][ResourceLoaderHelper.java:66] - Trying to load META-INF/validation.xml via Hibernate Validator's class loader
2023-01-31 20:42:16,916 DEBUG [main][ValidationXmlParser.java:127] - No META-INF/validation.xml found. Using annotation based configuration only.
2023-01-31 20:42:16,916 DEBUG [main][ValidationXmlParser.java:127] - No META-INF/validation.xml found. Using annotation based configuration only.
2023-01-31 20:42:16,917 DEBUG [main][TraversableResolvers.java:60] - Cannot find javax.persistence.Persistence on classpath. Assuming non JPA 2 environment. All properties will per default be traversable.
2023-01-31 20:42:16,917 DEBUG [main][TraversableResolvers.java:60] - Cannot find javax.persistence.Persistence on classpath. Assuming non JPA 2 environment. All properties will per default be traversable.
2023-01-31 20:42:16,920 DEBUG [main][ValidatorFactoryConfigurationHelper.java:300] - HV000252: Using org.hibernate.validator.internal.engine.DefaultPropertyNodeNameProvider as property node name provider.
2023-01-31 20:42:16,920 DEBUG [main][ValidatorFactoryConfigurationHelper.java:300] - HV000252: Using org.hibernate.validator.internal.engine.DefaultPropertyNodeNameProvider as property node name provider.
2023-01-31 20:42:16,922 DEBUG [main][ValidatorFactoryConfigurationHelper.java:375] - HV000234: Using org.springframework.validation.beanvalidation.LocaleContextMessageInterpolator as ValidatorFactory-scoped message interpolator.
2023-01-31 20:42:16,922 DEBUG [main][ValidatorFactoryConfigurationHelper.java:375] - HV000234: Using org.springframework.validation.beanvalidation.LocaleContextMessageInterpolator as ValidatorFactory-scoped message interpolator.
2023-01-31 20:42:16,923 DEBUG [main][ValidatorFactoryConfigurationHelper.java:376] - HV000234: Using org.hibernate.validator.internal.engine.resolver.TraverseAllTraversableResolver as ValidatorFactory-scoped traversable resolver.
2023-01-31 20:42:16,923 DEBUG [main][ValidatorFactoryConfigurationHelper.java:376] - HV000234: Using org.hibernate.validator.internal.engine.resolver.TraverseAllTraversableResolver as ValidatorFactory-scoped traversable resolver.
2023-01-31 20:42:16,923 DEBUG [main][ValidatorFactoryConfigurationHelper.java:377] - HV000234: Using org.hibernate.validator.internal.util.ExecutableParameterNameProvider as ValidatorFactory-scoped parameter name provider.
2023-01-31 20:42:16,923 DEBUG [main][ValidatorFactoryConfigurationHelper.java:377] - HV000234: Using org.hibernate.validator.internal.util.ExecutableParameterNameProvider as ValidatorFactory-scoped parameter name provider.
2023-01-31 20:42:16,924 DEBUG [main][ValidatorFactoryConfigurationHelper.java:378] - HV000234: Using org.hibernate.validator.internal.engine.DefaultClockProvider as ValidatorFactory-scoped clock provider.
2023-01-31 20:42:16,924 DEBUG [main][ValidatorFactoryConfigurationHelper.java:378] - HV000234: Using org.hibernate.validator.internal.engine.DefaultClockProvider as ValidatorFactory-scoped clock provider.
2023-01-31 20:42:16,924 DEBUG [main][ValidatorFactoryConfigurationHelper.java:379] - HV000234: Using org.hibernate.validator.internal.engine.scripting.DefaultScriptEvaluatorFactory as ValidatorFactory-scoped script evaluator factory.
2023-01-31 20:42:16,924 DEBUG [main][ValidatorFactoryConfigurationHelper.java:379] - HV000234: Using org.hibernate.validator.internal.engine.scripting.DefaultScriptEvaluatorFactory as ValidatorFactory-scoped script evaluator factory.
2023-01-31 20:42:18,864 INFO [main][StartupInfoLogger.java:61] - Started XuechengPlusContentServiceApplicationTests in 10.337 seconds (JVM running for 12.016)
2023-01-31 20:42:18,864 INFO [main][StartupInfoLogger.java:61] - Started XuechengPlusContentServiceApplicationTests in 10.337 seconds (JVM running for 12.016)
2023-01-31 20:42:18,869 INFO [main][ClientWorker.java:169] - [fixed-192.168.101.65_8848-dev1] [subscribe] content-service.yaml+xuecheng-plus-project+dev1
2023-01-31 20:42:18,869 INFO [main][ClientWorker.java:169] - [fixed-192.168.101.65_8848-dev1] [subscribe] content-service.yaml+xuecheng-plus-project+dev1
2023-01-31 20:42:18,872 INFO [main][CacheData.java:92] - [fixed-192.168.101.65_8848-dev1] [add-listener] ok, tenant=dev1, dataId=content-service.yaml, group=xuecheng-plus-project, cnt=1
2023-01-31 20:42:18,872 INFO [main][CacheData.java:92] - [fixed-192.168.101.65_8848-dev1] [add-listener] ok, tenant=dev1, dataId=content-service.yaml, group=xuecheng-plus-project, cnt=1
2023-01-31 20:42:18,873 INFO [main][ClientWorker.java:169] - [fixed-192.168.101.65_8848-dev1] [subscribe] content-service+xuecheng-plus-project+dev1
2023-01-31 20:42:18,873 INFO [main][ClientWorker.java:169] - [fixed-192.168.101.65_8848-dev1] [subscribe] content-service+xuecheng-plus-project+dev1
2023-01-31 20:42:18,873 INFO [main][CacheData.java:92] - [fixed-192.168.101.65_8848-dev1] [add-listener] ok, tenant=dev1, dataId=content-service, group=xuecheng-plus-project, cnt=1
2023-01-31 20:42:18,873 INFO [main][CacheData.java:92] - [fixed-192.168.101.65_8848-dev1] [add-listener] ok, tenant=dev1, dataId=content-service, group=xuecheng-plus-project, cnt=1
2023-01-31 20:42:18,875 DEBUG [com.alibaba.nacos.client.Worker.longPolling.fixed-192.168.101.65_8848-dev1][NacosRestTemplate.java:476] - HTTP method: POST, url: http://192.168.101.65:8848/nacos/v1/cs/configs/listener, body: {Listening-Configs=content-servicexuecheng-plus-projectdev1content-service.yamlxuecheng-plus-projectdev1, tenant=dev1}
2023-01-31 20:42:18,875 DEBUG [com.alibaba.nacos.client.Worker.longPolling.fixed-192.168.101.65_8848-dev1][NacosRestTemplate.java:476] - HTTP method: POST, url: http://192.168.101.65:8848/nacos/v1/cs/configs/listener, body: {Listening-Configs=content-servicexuecheng-plus-projectdev1content-service.yamlxuecheng-plus-projectdev1, tenant=dev1}
2023-01-31 20:42:18,876 DEBUG [com.alibaba.nacos.client.Worker.longPolling.fixed-192.168.101.65_8848-dev1][NacosRestTemplate.java:494] - Execute via interceptors :[com.alibaba.nacos.client.config.impl.ConfigHttpClientManager$LimiterHttpClientRequestInterceptor@708d9bf9]
2023-01-31 20:42:18,876 DEBUG [com.alibaba.nacos.client.Worker.longPolling.fixed-192.168.101.65_8848-dev1][NacosRestTemplate.java:494] - Execute via interceptors :[com.alibaba.nacos.client.config.impl.ConfigHttpClientManager$LimiterHttpClientRequestInterceptor@708d9bf9]
2023-01-31 20:42:18,876 INFO [main][ClientWorker.java:169] - [fixed-192.168.101.65_8848-dev1] [subscribe] content-service-dev.yaml+xuecheng-plus-project+dev1
2023-01-31 20:42:18,876 INFO [main][ClientWorker.java:169] - [fixed-192.168.101.65_8848-dev1] [subscribe] content-service-dev.yaml+xuecheng-plus-project+dev1
2023-01-31 20:42:18,877 INFO [main][CacheData.java:92] - [fixed-192.168.101.65_8848-dev1] [add-listener] ok, tenant=dev1, dataId=content-service-dev.yaml, group=xuecheng-plus-project, cnt=1
2023-01-31 20:42:18,877 INFO [main][CacheData.java:92] - [fixed-192.168.101.65_8848-dev1] [add-listener] ok, tenant=dev1, dataId=content-service-dev.yaml, group=xuecheng-plus-project, cnt=1
2023-01-31 20:42:18,939 DEBUG [com.alibaba.nacos.client.Worker.longPolling.fixed-192.168.101.65_8848-dev1][NacosRestTemplate.java:476] - HTTP method: POST, url: http://192.168.101.65:8848/nacos/v1/cs/configs/listener, body: {Listening-Configs=content-servicexuecheng-plus-projectdev1content-service-dev.yamlxuecheng-plus-project3e4bcb48c13c3a1126b30c6a96815f8edev1content-service.yamlxuecheng-plus-projectdev1, tenant=dev1}
2023-01-31 20:42:18,939 DEBUG [com.alibaba.nacos.client.Worker.longPolling.fixed-192.168.101.65_8848-dev1][NacosRestTemplate.java:476] - HTTP method: POST, url: http://192.168.101.65:8848/nacos/v1/cs/configs/listener, body: {Listening-Configs=content-servicexuecheng-plus-projectdev1content-service-dev.yamlxuecheng-plus-project3e4bcb48c13c3a1126b30c6a96815f8edev1content-service.yamlxuecheng-plus-projectdev1, tenant=dev1}
2023-01-31 20:42:18,939 DEBUG [com.alibaba.nacos.client.Worker.longPolling.fixed-192.168.101.65_8848-dev1][NacosRestTemplate.java:494] - Execute via interceptors :[com.alibaba.nacos.client.config.impl.ConfigHttpClientManager$LimiterHttpClientRequestInterceptor@708d9bf9]
2023-01-31 20:42:18,939 DEBUG [com.alibaba.nacos.client.Worker.longPolling.fixed-192.168.101.65_8848-dev1][NacosRestTemplate.java:494] - Execute via interceptors :[com.alibaba.nacos.client.config.impl.ConfigHttpClientManager$LimiterHttpClientRequestInterceptor@708d9bf9]
2023-01-31 20:42:18,943 DEBUG [com.alibaba.nacos.client.Worker.longPolling.fixed-192.168.101.65_8848-dev1][NacosRestTemplate.java:476] - HTTP method: POST, url: http://192.168.101.65:8848/nacos/v1/cs/configs/listener, body: {Listening-Configs=content-servicexuecheng-plus-projectdev1content-service-dev.yamlxuecheng-plus-project3e4bcb48c13c3a1126b30c6a96815f8edev1content-service.yamlxuecheng-plus-projectdev1, tenant=dev1}
2023-01-31 20:42:18,943 DEBUG [com.alibaba.nacos.client.Worker.longPolling.fixed-192.168.101.65_8848-dev1][NacosRestTemplate.java:476] - HTTP method: POST, url: http://192.168.101.65:8848/nacos/v1/cs/configs/listener, body: {Listening-Configs=content-servicexuecheng-plus-projectdev1content-service-dev.yamlxuecheng-plus-project3e4bcb48c13c3a1126b30c6a96815f8edev1content-service.yamlxuecheng-plus-projectdev1, tenant=dev1}
2023-01-31 20:42:18,943 DEBUG [com.alibaba.nacos.client.Worker.longPolling.fixed-192.168.101.65_8848-dev1][NacosRestTemplate.java:494] - Execute via interceptors :[com.alibaba.nacos.client.config.impl.ConfigHttpClientManager$LimiterHttpClientRequestInterceptor@708d9bf9]
2023-01-31 20:42:18,943 DEBUG [com.alibaba.nacos.client.Worker.longPolling.fixed-192.168.101.65_8848-dev1][NacosRestTemplate.java:494] - Execute via interceptors :[com.alibaba.nacos.client.config.impl.ConfigHttpClientManager$LimiterHttpClientRequestInterceptor@708d9bf9]
2023-01-31 20:42:19,160 DEBUG [main][HikariConfig.java:1066] - HikariPool-1 - configuration:
2023-01-31 20:42:19,160 DEBUG [main][HikariConfig.java:1066] - HikariPool-1 - configuration:
2023-01-31 20:42:19,162 DEBUG [main][HikariConfig.java:1098] - allowPoolSuspension.............false
2023-01-31 20:42:19,162 DEBUG [main][HikariConfig.java:1098] - allowPoolSuspension.............false
2023-01-31 20:42:19,163 DEBUG [main][HikariConfig.java:1098] - autoCommit......................true
2023-01-31 20:42:19,163 DEBUG [main][HikariConfig.java:1098] - autoCommit......................true
2023-01-31 20:42:19,163 DEBUG [main][HikariConfig.java:1098] - catalog.........................none
2023-01-31 20:42:19,163 DEBUG [main][HikariConfig.java:1098] - catalog.........................none
2023-01-31 20:42:19,164 DEBUG [main][HikariConfig.java:1098] - connectionInitSql...............none
2023-01-31 20:42:19,164 DEBUG [main][HikariConfig.java:1098] - connectionInitSql...............none
2023-01-31 20:42:19,164 DEBUG [main][HikariConfig.java:1098] - connectionTestQuery.............none
2023-01-31 20:42:19,164 DEBUG [main][HikariConfig.java:1098] - connectionTestQuery.............none
2023-01-31 20:42:19,164 DEBUG [main][HikariConfig.java:1098] - connectionTimeout...............30000
2023-01-31 20:42:19,164 DEBUG [main][HikariConfig.java:1098] - connectionTimeout...............30000
2023-01-31 20:42:19,164 DEBUG [main][HikariConfig.java:1098] - dataSource......................none
2023-01-31 20:42:19,164 DEBUG [main][HikariConfig.java:1098] - dataSource......................none
2023-01-31 20:42:19,164 DEBUG [main][HikariConfig.java:1098] - dataSourceClassName.............none
2023-01-31 20:42:19,164 DEBUG [main][HikariConfig.java:1098] - dataSourceClassName.............none
2023-01-31 20:42:19,164 DEBUG [main][HikariConfig.java:1098] - dataSourceJNDI..................none
2023-01-31 20:42:19,164 DEBUG [main][HikariConfig.java:1098] - dataSourceJNDI..................none
2023-01-31 20:42:19,165 DEBUG [main][HikariConfig.java:1098] - dataSourceProperties............{password=<masked>}
2023-01-31 20:42:19,165 DEBUG [main][HikariConfig.java:1098] - dataSourceProperties............{password=<masked>}
2023-01-31 20:42:19,165 DEBUG [main][HikariConfig.java:1098] - driverClassName................."com.mysql.cj.jdbc.Driver"
2023-01-31 20:42:19,165 DEBUG [main][HikariConfig.java:1098] - driverClassName................."com.mysql.cj.jdbc.Driver"
2023-01-31 20:42:19,165 DEBUG [main][HikariConfig.java:1098] - exceptionOverrideClassName......none
2023-01-31 20:42:19,165 DEBUG [main][HikariConfig.java:1098] - exceptionOverrideClassName......none
2023-01-31 20:42:19,165 DEBUG [main][HikariConfig.java:1098] - healthCheckProperties...........{}
2023-01-31 20:42:19,165 DEBUG [main][HikariConfig.java:1098] - healthCheckProperties...........{}
2023-01-31 20:42:19,166 DEBUG [main][HikariConfig.java:1098] - healthCheckRegistry.............none
2023-01-31 20:42:19,166 DEBUG [main][HikariConfig.java:1098] - healthCheckRegistry.............none
2023-01-31 20:42:19,166 DEBUG [main][HikariConfig.java:1098] - idleTimeout.....................600000
2023-01-31 20:42:19,166 DEBUG [main][HikariConfig.java:1098] - idleTimeout.....................600000
2023-01-31 20:42:19,166 DEBUG [main][HikariConfig.java:1098] - initializationFailTimeout.......1
2023-01-31 20:42:19,166 DEBUG [main][HikariConfig.java:1098] - initializationFailTimeout.......1
2023-01-31 20:42:19,167 DEBUG [main][HikariConfig.java:1098] - isolateInternalQueries..........false
2023-01-31 20:42:19,167 DEBUG [main][HikariConfig.java:1098] - isolateInternalQueries..........false
2023-01-31 20:42:19,167 DEBUG [main][HikariConfig.java:1098] - jdbcUrl.........................jdbc:mysql://192.168.101.65:3306/xcplus_content?serverTimezone=UTC&userUnicode=true&useSSL=false&
2023-01-31 20:42:19,167 DEBUG [main][HikariConfig.java:1098] - jdbcUrl.........................jdbc:mysql://192.168.101.65:3306/xcplus_content?serverTimezone=UTC&userUnicode=true&useSSL=false&
2023-01-31 20:42:19,167 DEBUG [main][HikariConfig.java:1098] - leakDetectionThreshold..........0
2023-01-31 20:42:19,167 DEBUG [main][HikariConfig.java:1098] - leakDetectionThreshold..........0
2023-01-31 20:42:19,168 DEBUG [main][HikariConfig.java:1098] - maxLifetime.....................1800000
2023-01-31 20:42:19,168 DEBUG [main][HikariConfig.java:1098] - maxLifetime.....................1800000
2023-01-31 20:42:19,168 DEBUG [main][HikariConfig.java:1098] - maximumPoolSize.................10
2023-01-31 20:42:19,168 DEBUG [main][HikariConfig.java:1098] - maximumPoolSize.................10
2023-01-31 20:42:19,168 DEBUG [main][HikariConfig.java:1098] - metricRegistry..................none
2023-01-31 20:42:19,168 DEBUG [main][HikariConfig.java:1098] - metricRegistry..................none
2023-01-31 20:42:19,169 DEBUG [main][HikariConfig.java:1098] - metricsTrackerFactory...........none
2023-01-31 20:42:19,169 DEBUG [main][HikariConfig.java:1098] - metricsTrackerFactory...........none
2023-01-31 20:42:19,169 DEBUG [main][HikariConfig.java:1098] - minimumIdle.....................10
2023-01-31 20:42:19,169 DEBUG [main][HikariConfig.java:1098] - minimumIdle.....................10
2023-01-31 20:42:19,169 DEBUG [main][HikariConfig.java:1098] - password........................<masked>
2023-01-31 20:42:19,169 DEBUG [main][HikariConfig.java:1098] - password........................<masked>
2023-01-31 20:42:19,169 DEBUG [main][HikariConfig.java:1098] - poolName........................"HikariPool-1"
2023-01-31 20:42:19,169 DEBUG [main][HikariConfig.java:1098] - poolName........................"HikariPool-1"
2023-01-31 20:42:19,170 DEBUG [main][HikariConfig.java:1098] - readOnly........................false
2023-01-31 20:42:19,170 DEBUG [main][HikariConfig.java:1098] - readOnly........................false
2023-01-31 20:42:19,170 DEBUG [main][HikariConfig.java:1098] - registerMbeans..................false
2023-01-31 20:42:19,170 DEBUG [main][HikariConfig.java:1098] - registerMbeans..................false
2023-01-31 20:42:19,170 DEBUG [main][HikariConfig.java:1098] - scheduledExecutor...............none
2023-01-31 20:42:19,170 DEBUG [main][HikariConfig.java:1098] - scheduledExecutor...............none
2023-01-31 20:42:19,171 DEBUG [main][HikariConfig.java:1098] - schema..........................none
2023-01-31 20:42:19,171 DEBUG [main][HikariConfig.java:1098] - schema..........................none
2023-01-31 20:42:19,171 DEBUG [main][HikariConfig.java:1098] - threadFactory...................internal
2023-01-31 20:42:19,171 DEBUG [main][HikariConfig.java:1098] - threadFactory...................internal
2023-01-31 20:42:19,171 DEBUG [main][HikariConfig.java:1098] - transactionIsolation............default
2023-01-31 20:42:19,171 DEBUG [main][HikariConfig.java:1098] - transactionIsolation............default
2023-01-31 20:42:19,171 DEBUG [main][HikariConfig.java:1098] - username........................"root"
2023-01-31 20:42:19,171 DEBUG [main][HikariConfig.java:1098] - username........................"root"
2023-01-31 20:42:19,172 DEBUG [main][HikariConfig.java:1098] - validationTimeout...............5000
2023-01-31 20:42:19,172 DEBUG [main][HikariConfig.java:1098] - validationTimeout...............5000
2023-01-31 20:42:19,172 INFO [main][HikariDataSource.java:110] - HikariPool-1 - Starting...
2023-01-31 20:42:19,172 INFO [main][HikariDataSource.java:110] - HikariPool-1 - Starting...
2023-01-31 20:42:19,403 DEBUG [main][HikariPool.java:564] - HikariPool-1 - Added connection com.mysql.cj.jdbc.ConnectionImpl@7bc6935c
2023-01-31 20:42:19,403 DEBUG [main][HikariPool.java:564] - HikariPool-1 - Added connection com.mysql.cj.jdbc.ConnectionImpl@7bc6935c
2023-01-31 20:42:19,405 INFO [main][HikariDataSource.java:123] - HikariPool-1 - Start completed.
2023-01-31 20:42:19,405 INFO [main][HikariDataSource.java:123] - HikariPool-1 - Start completed.
2023-01-31 20:42:19,415 DEBUG [main][BaseJdbcLogger.java:137] - ==>  Preparing: SELECT id,company_id,company_name,name,users,tags,mt,st,grade,teachmode,description,pic,create_date,change_date,create_people,change_people,audit_status,status FROM course_base WHERE id=?
2023-01-31 20:42:19,415 DEBUG [main][BaseJdbcLogger.java:137] - ==>  Preparing: SELECT id,company_id,company_name,name,users,tags,mt,st,grade,teachmode,description,pic,create_date,change_date,create_people,change_people,audit_status,status FROM course_base WHERE id=?
2023-01-31 20:42:19,450 DEBUG [main][BaseJdbcLogger.java:137] - ==> Parameters: 22(Integer)
2023-01-31 20:42:19,450 DEBUG [main][BaseJdbcLogger.java:137] - ==> Parameters: 22(Integer)
2023-01-31 20:42:19,495 DEBUG [main][BaseJdbcLogger.java:137] - <==      Total: 1
2023-01-31 20:42:19,495 DEBUG [main][BaseJdbcLogger.java:137] - <==      Total: 1
2023-01-31 20:42:19,505 DEBUG [HikariPool-1 housekeeper][HikariPool.java:421] - HikariPool-1 - Pool stats (total=1, active=0, idle=1, waiting=0)
2023-01-31 20:42:19,505 DEBUG [HikariPool-1 housekeeper][HikariPool.java:421] - HikariPool-1 - Pool stats (total=1, active=0, idle=1, waiting=0)
2023-01-31 20:42:19,515 DEBUG [HikariPool-1 connection adder][HikariPool.java:728] - HikariPool-1 - Added connection com.mysql.cj.jdbc.ConnectionImpl@58ccb00b
2023-01-31 20:42:19,515 DEBUG [HikariPool-1 connection adder][HikariPool.java:728] - HikariPool-1 - Added connection com.mysql.cj.jdbc.ConnectionImpl@58ccb00b
2023-01-31 20:42:19,526 DEBUG [HikariPool-1 connection adder][HikariPool.java:728] - HikariPool-1 - Added connection com.mysql.cj.jdbc.ConnectionImpl@19f1ba30
2023-01-31 20:42:19,526 DEBUG [HikariPool-1 connection adder][HikariPool.java:728] - HikariPool-1 - Added connection com.mysql.cj.jdbc.ConnectionImpl@19f1ba30
2023-01-31 20:42:19,530 WARN [Thread-2][HttpClientBeanHolder.java:108] - [HttpClientBeanHolder] Start destroying common HttpClient
2023-01-31 20:42:19,530 WARN [Thread-2][HttpClientBeanHolder.java:108] - [HttpClientBeanHolder] Start destroying common HttpClient
2023-01-31 20:42:19,532 WARN [Thread-2][HttpClientBeanHolder.java:114] - [HttpClientBeanHolder] Destruction of the end
2023-01-31 20:42:19,532 WARN [Thread-2][HttpClientBeanHolder.java:114] - [HttpClientBeanHolder] Destruction of the end
2023-01-31 20:42:19,533 DEBUG [HikariPool-1 connection adder][HikariPool.java:728] - HikariPool-1 - Added connection com.mysql.cj.jdbc.ConnectionImpl@2822a579
2023-01-31 20:42:19,533 DEBUG [HikariPool-1 connection adder][HikariPool.java:728] - HikariPool-1 - Added connection com.mysql.cj.jdbc.ConnectionImpl@2822a579
2023-01-31 20:42:19,534 INFO [SpringContextShutdownHook][HikariDataSource.java:350] - HikariPool-1 - Shutdown initiated...
2023-01-31 20:42:19,534 INFO [SpringContextShutdownHook][HikariDataSource.java:350] - HikariPool-1 - Shutdown initiated...
2023-01-31 20:42:19,534 DEBUG [SpringContextShutdownHook][HikariPool.java:421] - HikariPool-1 - Before shutdown stats (total=4, active=0, idle=4, waiting=0)
2023-01-31 20:42:19,534 DEBUG [SpringContextShutdownHook][HikariPool.java:421] - HikariPool-1 - Before shutdown stats (total=4, active=0, idle=4, waiting=0)
2023-01-31 20:42:19,537 DEBUG [HikariPool-1 connection closer][PoolBase.java:134] - HikariPool-1 - Closing connection com.mysql.cj.jdbc.ConnectionImpl@7bc6935c: (connection evicted)
2023-01-31 20:42:19,537 DEBUG [HikariPool-1 connection closer][PoolBase.java:134] - HikariPool-1 - Closing connection com.mysql.cj.jdbc.ConnectionImpl@7bc6935c: (connection evicted)
2023-01-31 20:42:19,541 DEBUG [HikariPool-1 connection adder][HikariPool.java:728] - HikariPool-1 - Added connection com.mysql.cj.jdbc.ConnectionImpl@79de457f
2023-01-31 20:42:19,541 DEBUG [HikariPool-1 connection adder][HikariPool.java:728] - HikariPool-1 - Added connection com.mysql.cj.jdbc.ConnectionImpl@79de457f
2023-01-31 20:42:19,547 DEBUG [HikariPool-1 connection closer][PoolBase.java:134] - HikariPool-1 - Closing connection com.mysql.cj.jdbc.ConnectionImpl@58ccb00b: (connection evicted)
2023-01-31 20:42:19,547 DEBUG [HikariPool-1 connection closer][PoolBase.java:134] - HikariPool-1 - Closing connection com.mysql.cj.jdbc.ConnectionImpl@58ccb00b: (connection evicted)
2023-01-31 20:42:19,547 DEBUG [HikariPool-1 connection closer][PoolBase.java:134] - HikariPool-1 - Closing connection com.mysql.cj.jdbc.ConnectionImpl@19f1ba30: (connection evicted)
2023-01-31 20:42:19,547 DEBUG [HikariPool-1 connection closer][PoolBase.java:134] - HikariPool-1 - Closing connection com.mysql.cj.jdbc.ConnectionImpl@19f1ba30: (connection evicted)
2023-01-31 20:42:19,548 DEBUG [HikariPool-1 connection closer][PoolBase.java:134] - HikariPool-1 - Closing connection com.mysql.cj.jdbc.ConnectionImpl@2822a579: (connection evicted)
2023-01-31 20:42:19,548 DEBUG [HikariPool-1 connection closer][PoolBase.java:134] - HikariPool-1 - Closing connection com.mysql.cj.jdbc.ConnectionImpl@2822a579: (connection evicted)
2023-01-31 20:42:19,549 DEBUG [HikariPool-1 connection closer][PoolBase.java:134] - HikariPool-1 - Closing connection com.mysql.cj.jdbc.ConnectionImpl@79de457f: (connection evicted)
2023-01-31 20:42:19,549 DEBUG [HikariPool-1 connection closer][PoolBase.java:134] - HikariPool-1 - Closing connection com.mysql.cj.jdbc.ConnectionImpl@79de457f: (connection evicted)
2023-01-31 20:42:19,549 DEBUG [SpringContextShutdownHook][HikariPool.java:421] - HikariPool-1 - After shutdown stats (total=0, active=0, idle=0, waiting=0)
2023-01-31 20:42:19,549 DEBUG [SpringContextShutdownHook][HikariPool.java:421] - HikariPool-1 - After shutdown stats (total=0, active=0, idle=0, waiting=0)
2023-01-31 20:42:19,550 INFO [SpringContextShutdownHook][HikariDataSource.java:352] - HikariPool-1 - Shutdown completed.
2023-01-31 20:42:19,550 INFO [SpringContextShutdownHook][HikariDataSource.java:352] - HikariPool-1 - Shutdown completed.
