2023-01-30 18:00:20,056 INFO [http-nio-63040-exec-2][DirectJDKLog.java:173] - Initializing Spring DispatcherServlet 'dispatcherServlet'
2023-01-30 18:00:20,056 INFO [http-nio-63040-exec-2][DirectJDKLog.java:173] - Initializing Spring DispatcherServlet 'dispatcherServlet'
2023-01-30 18:00:20,068 INFO [http-nio-63040-exec-2][FrameworkServlet.java:525] - Initializing Servlet 'dispatcherServlet'
2023-01-30 18:00:20,068 INFO [http-nio-63040-exec-2][FrameworkServlet.java:525] - Initializing Servlet 'dispatcherServlet'
2023-01-30 18:00:20,075 INFO [http-nio-63040-exec-2][FrameworkServlet.java:547] - Completed initialization in 7 ms
2023-01-30 18:00:20,075 INFO [http-nio-63040-exec-2][FrameworkServlet.java:547] - Completed initialization in 7 ms
2023-01-30 18:00:20,187 DEBUG [http-nio-63040-exec-2][HikariConfig.java:1066] - HikariPool-1 - configuration:
2023-01-30 18:00:20,187 DEBUG [http-nio-63040-exec-2][HikariConfig.java:1066] - HikariPool-1 - configuration:
2023-01-30 18:00:20,188 DEBUG [http-nio-63040-exec-2][HikariConfig.java:1098] - allowPoolSuspension.............false
2023-01-30 18:00:20,188 DEBUG [http-nio-63040-exec-2][HikariConfig.java:1098] - allowPoolSuspension.............false
2023-01-30 18:00:20,188 DEBUG [http-nio-63040-exec-2][HikariConfig.java:1098] - autoCommit......................true
2023-01-30 18:00:20,188 DEBUG [http-nio-63040-exec-2][HikariConfig.java:1098] - autoCommit......................true
2023-01-30 18:00:20,189 DEBUG [http-nio-63040-exec-2][HikariConfig.java:1098] - catalog.........................none
2023-01-30 18:00:20,189 DEBUG [http-nio-63040-exec-2][HikariConfig.java:1098] - catalog.........................none
2023-01-30 18:00:20,189 DEBUG [http-nio-63040-exec-2][HikariConfig.java:1098] - connectionInitSql...............none
2023-01-30 18:00:20,189 DEBUG [http-nio-63040-exec-2][HikariConfig.java:1098] - connectionInitSql...............none
2023-01-30 18:00:20,189 DEBUG [http-nio-63040-exec-2][HikariConfig.java:1098] - connectionTestQuery.............none
2023-01-30 18:00:20,189 DEBUG [http-nio-63040-exec-2][HikariConfig.java:1098] - connectionTestQuery.............none
2023-01-30 18:00:20,189 DEBUG [http-nio-63040-exec-2][HikariConfig.java:1098] - connectionTimeout...............30000
2023-01-30 18:00:20,189 DEBUG [http-nio-63040-exec-2][HikariConfig.java:1098] - connectionTimeout...............30000
2023-01-30 18:00:20,189 DEBUG [http-nio-63040-exec-2][HikariConfig.java:1098] - dataSource......................none
2023-01-30 18:00:20,189 DEBUG [http-nio-63040-exec-2][HikariConfig.java:1098] - dataSource......................none
2023-01-30 18:00:20,189 DEBUG [http-nio-63040-exec-2][HikariConfig.java:1098] - dataSourceClassName.............none
2023-01-30 18:00:20,189 DEBUG [http-nio-63040-exec-2][HikariConfig.java:1098] - dataSourceClassName.............none
2023-01-30 18:00:20,190 DEBUG [http-nio-63040-exec-2][HikariConfig.java:1098] - dataSourceJNDI..................none
2023-01-30 18:00:20,190 DEBUG [http-nio-63040-exec-2][HikariConfig.java:1098] - dataSourceJNDI..................none
2023-01-30 18:00:20,190 DEBUG [http-nio-63040-exec-2][HikariConfig.java:1098] - dataSourceProperties............{password=<masked>}
2023-01-30 18:00:20,190 DEBUG [http-nio-63040-exec-2][HikariConfig.java:1098] - dataSourceProperties............{password=<masked>}
2023-01-30 18:00:20,191 DEBUG [http-nio-63040-exec-2][HikariConfig.java:1098] - driverClassName................."com.mysql.cj.jdbc.Driver"
2023-01-30 18:00:20,191 DEBUG [http-nio-63040-exec-2][HikariConfig.java:1098] - driverClassName................."com.mysql.cj.jdbc.Driver"
2023-01-30 18:00:20,191 DEBUG [http-nio-63040-exec-2][HikariConfig.java:1098] - exceptionOverrideClassName......none
2023-01-30 18:00:20,191 DEBUG [http-nio-63040-exec-2][HikariConfig.java:1098] - exceptionOverrideClassName......none
2023-01-30 18:00:20,191 DEBUG [http-nio-63040-exec-2][HikariConfig.java:1098] - healthCheckProperties...........{}
2023-01-30 18:00:20,191 DEBUG [http-nio-63040-exec-2][HikariConfig.java:1098] - healthCheckProperties...........{}
2023-01-30 18:00:20,191 DEBUG [http-nio-63040-exec-2][HikariConfig.java:1098] - healthCheckRegistry.............none
2023-01-30 18:00:20,191 DEBUG [http-nio-63040-exec-2][HikariConfig.java:1098] - healthCheckRegistry.............none
2023-01-30 18:00:20,192 DEBUG [http-nio-63040-exec-2][HikariConfig.java:1098] - idleTimeout.....................600000
2023-01-30 18:00:20,192 DEBUG [http-nio-63040-exec-2][HikariConfig.java:1098] - idleTimeout.....................600000
2023-01-30 18:00:20,192 DEBUG [http-nio-63040-exec-2][HikariConfig.java:1098] - initializationFailTimeout.......1
2023-01-30 18:00:20,192 DEBUG [http-nio-63040-exec-2][HikariConfig.java:1098] - initializationFailTimeout.......1
2023-01-30 18:00:20,192 DEBUG [http-nio-63040-exec-2][HikariConfig.java:1098] - isolateInternalQueries..........false
2023-01-30 18:00:20,192 DEBUG [http-nio-63040-exec-2][HikariConfig.java:1098] - isolateInternalQueries..........false
2023-01-30 18:00:20,192 DEBUG [http-nio-63040-exec-2][HikariConfig.java:1098] - jdbcUrl.........................jdbc:mysql://192.168.101.65:3306/xcplus_content?serverTimezone=UTC&userUnicode=true&useSSL=false&
2023-01-30 18:00:20,192 DEBUG [http-nio-63040-exec-2][HikariConfig.java:1098] - jdbcUrl.........................jdbc:mysql://192.168.101.65:3306/xcplus_content?serverTimezone=UTC&userUnicode=true&useSSL=false&
2023-01-30 18:00:20,192 DEBUG [http-nio-63040-exec-2][HikariConfig.java:1098] - leakDetectionThreshold..........0
2023-01-30 18:00:20,192 DEBUG [http-nio-63040-exec-2][HikariConfig.java:1098] - leakDetectionThreshold..........0
2023-01-30 18:00:20,192 DEBUG [http-nio-63040-exec-2][HikariConfig.java:1098] - maxLifetime.....................1800000
2023-01-30 18:00:20,192 DEBUG [http-nio-63040-exec-2][HikariConfig.java:1098] - maxLifetime.....................1800000
2023-01-30 18:00:20,193 DEBUG [http-nio-63040-exec-2][HikariConfig.java:1098] - maximumPoolSize.................10
2023-01-30 18:00:20,193 DEBUG [http-nio-63040-exec-2][HikariConfig.java:1098] - maximumPoolSize.................10
2023-01-30 18:00:20,193 DEBUG [http-nio-63040-exec-2][HikariConfig.java:1098] - metricRegistry..................none
2023-01-30 18:00:20,193 DEBUG [http-nio-63040-exec-2][HikariConfig.java:1098] - metricRegistry..................none
2023-01-30 18:00:20,193 DEBUG [http-nio-63040-exec-2][HikariConfig.java:1098] - metricsTrackerFactory...........none
2023-01-30 18:00:20,193 DEBUG [http-nio-63040-exec-2][HikariConfig.java:1098] - metricsTrackerFactory...........none
2023-01-30 18:00:20,193 DEBUG [http-nio-63040-exec-2][HikariConfig.java:1098] - minimumIdle.....................10
2023-01-30 18:00:20,193 DEBUG [http-nio-63040-exec-2][HikariConfig.java:1098] - minimumIdle.....................10
2023-01-30 18:00:20,193 DEBUG [http-nio-63040-exec-2][HikariConfig.java:1098] - password........................<masked>
2023-01-30 18:00:20,193 DEBUG [http-nio-63040-exec-2][HikariConfig.java:1098] - password........................<masked>
2023-01-30 18:00:20,193 DEBUG [http-nio-63040-exec-2][HikariConfig.java:1098] - poolName........................"HikariPool-1"
2023-01-30 18:00:20,193 DEBUG [http-nio-63040-exec-2][HikariConfig.java:1098] - poolName........................"HikariPool-1"
2023-01-30 18:00:20,193 DEBUG [http-nio-63040-exec-2][HikariConfig.java:1098] - readOnly........................false
2023-01-30 18:00:20,193 DEBUG [http-nio-63040-exec-2][HikariConfig.java:1098] - readOnly........................false
2023-01-30 18:00:20,194 DEBUG [http-nio-63040-exec-2][HikariConfig.java:1098] - registerMbeans..................false
2023-01-30 18:00:20,194 DEBUG [http-nio-63040-exec-2][HikariConfig.java:1098] - registerMbeans..................false
2023-01-30 18:00:20,194 DEBUG [http-nio-63040-exec-2][HikariConfig.java:1098] - scheduledExecutor...............none
2023-01-30 18:00:20,194 DEBUG [http-nio-63040-exec-2][HikariConfig.java:1098] - scheduledExecutor...............none
2023-01-30 18:00:20,194 DEBUG [http-nio-63040-exec-2][HikariConfig.java:1098] - schema..........................none
2023-01-30 18:00:20,194 DEBUG [http-nio-63040-exec-2][HikariConfig.java:1098] - schema..........................none
2023-01-30 18:00:20,195 DEBUG [http-nio-63040-exec-2][HikariConfig.java:1098] - threadFactory...................internal
2023-01-30 18:00:20,195 DEBUG [http-nio-63040-exec-2][HikariConfig.java:1098] - threadFactory...................internal
2023-01-30 18:00:20,195 DEBUG [http-nio-63040-exec-2][HikariConfig.java:1098] - transactionIsolation............default
2023-01-30 18:00:20,195 DEBUG [http-nio-63040-exec-2][HikariConfig.java:1098] - transactionIsolation............default
2023-01-30 18:00:20,195 DEBUG [http-nio-63040-exec-2][HikariConfig.java:1098] - username........................"root"
2023-01-30 18:00:20,195 DEBUG [http-nio-63040-exec-2][HikariConfig.java:1098] - username........................"root"
2023-01-30 18:00:20,195 DEBUG [http-nio-63040-exec-2][HikariConfig.java:1098] - validationTimeout...............5000
2023-01-30 18:00:20,195 DEBUG [http-nio-63040-exec-2][HikariConfig.java:1098] - validationTimeout...............5000
2023-01-30 18:00:20,195 INFO [http-nio-63040-exec-2][HikariDataSource.java:110] - HikariPool-1 - Starting...
2023-01-30 18:00:20,195 INFO [http-nio-63040-exec-2][HikariDataSource.java:110] - HikariPool-1 - Starting...
2023-01-30 18:00:20,349 DEBUG [http-nio-63040-exec-2][HikariPool.java:564] - HikariPool-1 - Added connection com.mysql.cj.jdbc.ConnectionImpl@539f4940
2023-01-30 18:00:20,349 DEBUG [http-nio-63040-exec-2][HikariPool.java:564] - HikariPool-1 - Added connection com.mysql.cj.jdbc.ConnectionImpl@539f4940
2023-01-30 18:00:20,351 INFO [http-nio-63040-exec-2][HikariDataSource.java:123] - HikariPool-1 - Start completed.
2023-01-30 18:00:20,351 INFO [http-nio-63040-exec-2][HikariDataSource.java:123] - HikariPool-1 - Start completed.
2023-01-30 18:00:20,357 DEBUG [http-nio-63040-exec-2][BaseJdbcLogger.java:137] - ==>  Preparing: SELECT id,pname,parentid,grade,media_type,start_time,end_time,description,timelength,orderby,course_id,course_pub_id,status,is_preview,create_date,change_date FROM teachplan WHERE id=?
2023-01-30 18:00:20,357 DEBUG [http-nio-63040-exec-2][BaseJdbcLogger.java:137] - ==>  Preparing: SELECT id,pname,parentid,grade,media_type,start_time,end_time,description,timelength,orderby,course_id,course_pub_id,status,is_preview,create_date,change_date FROM teachplan WHERE id=?
2023-01-30 18:00:20,378 DEBUG [http-nio-63040-exec-2][BaseJdbcLogger.java:137] - ==> Parameters: null
2023-01-30 18:00:20,378 DEBUG [http-nio-63040-exec-2][BaseJdbcLogger.java:137] - ==> Parameters: null
2023-01-30 18:00:20,400 DEBUG [http-nio-63040-exec-2][BaseJdbcLogger.java:137] - <==      Total: 0
2023-01-30 18:00:20,400 DEBUG [http-nio-63040-exec-2][BaseJdbcLogger.java:137] - <==      Total: 0
2023-01-30 18:00:20,452 DEBUG [HikariPool-1 housekeeper][HikariPool.java:421] - HikariPool-1 - Pool stats (total=1, active=0, idle=1, waiting=0)
2023-01-30 18:00:20,452 DEBUG [HikariPool-1 housekeeper][HikariPool.java:421] - HikariPool-1 - Pool stats (total=1, active=0, idle=1, waiting=0)
2023-01-30 18:00:20,458 DEBUG [HikariPool-1 connection adder][HikariPool.java:728] - HikariPool-1 - Added connection com.mysql.cj.jdbc.ConnectionImpl@3a75d696
2023-01-30 18:00:20,458 DEBUG [HikariPool-1 connection adder][HikariPool.java:728] - HikariPool-1 - Added connection com.mysql.cj.jdbc.ConnectionImpl@3a75d696
2023-01-30 18:00:20,461 DEBUG [http-nio-63040-exec-2][BaseJdbcLogger.java:137] - ==>  Preparing: SELECT COUNT( * ) FROM teachplan WHERE (course_id = ? AND parentid = ?)
2023-01-30 18:00:20,461 DEBUG [http-nio-63040-exec-2][BaseJdbcLogger.java:137] - ==>  Preparing: SELECT COUNT( * ) FROM teachplan WHERE (course_id = ? AND parentid = ?)
2023-01-30 18:00:20,461 DEBUG [http-nio-63040-exec-2][BaseJdbcLogger.java:137] - ==> Parameters: 119(Long), 299(Long)
2023-01-30 18:00:20,461 DEBUG [http-nio-63040-exec-2][BaseJdbcLogger.java:137] - ==> Parameters: 119(Long), 299(Long)
2023-01-30 18:00:20,464 DEBUG [HikariPool-1 connection adder][HikariPool.java:728] - HikariPool-1 - Added connection com.mysql.cj.jdbc.ConnectionImpl@4ec2b08a
2023-01-30 18:00:20,464 DEBUG [HikariPool-1 connection adder][HikariPool.java:728] - HikariPool-1 - Added connection com.mysql.cj.jdbc.ConnectionImpl@4ec2b08a
2023-01-30 18:00:20,465 DEBUG [http-nio-63040-exec-2][BaseJdbcLogger.java:137] - <==      Total: 1
2023-01-30 18:00:20,465 DEBUG [http-nio-63040-exec-2][BaseJdbcLogger.java:137] - <==      Total: 1
2023-01-30 18:00:20,470 DEBUG [HikariPool-1 connection adder][HikariPool.java:728] - HikariPool-1 - Added connection com.mysql.cj.jdbc.ConnectionImpl@780e7556
2023-01-30 18:00:20,470 DEBUG [HikariPool-1 connection adder][HikariPool.java:728] - HikariPool-1 - Added connection com.mysql.cj.jdbc.ConnectionImpl@780e7556
2023-01-30 18:00:20,471 DEBUG [http-nio-63040-exec-2][BaseJdbcLogger.java:137] - ==>  Preparing: INSERT INTO teachplan ( pname, parentid, grade, orderby, course_id ) VALUES ( ?, ?, ?, ?, ? )
2023-01-30 18:00:20,471 DEBUG [http-nio-63040-exec-2][BaseJdbcLogger.java:137] - ==>  Preparing: INSERT INTO teachplan ( pname, parentid, grade, orderby, course_id ) VALUES ( ?, ?, ?, ?, ? )
2023-01-30 18:00:20,472 DEBUG [http-nio-63040-exec-2][BaseJdbcLogger.java:137] - ==> Parameters: 新小节名称 [点击修改](String), 299(Long), 2(Integer), 1(Integer), 119(Long)
2023-01-30 18:00:20,472 DEBUG [http-nio-63040-exec-2][BaseJdbcLogger.java:137] - ==> Parameters: 新小节名称 [点击修改](String), 299(Long), 2(Integer), 1(Integer), 119(Long)
2023-01-30 18:00:20,477 DEBUG [HikariPool-1 connection adder][HikariPool.java:728] - HikariPool-1 - Added connection com.mysql.cj.jdbc.ConnectionImpl@1b16cb0a
2023-01-30 18:00:20,477 DEBUG [HikariPool-1 connection adder][HikariPool.java:728] - HikariPool-1 - Added connection com.mysql.cj.jdbc.ConnectionImpl@1b16cb0a
2023-01-30 18:00:20,484 DEBUG [HikariPool-1 connection adder][HikariPool.java:728] - HikariPool-1 - Added connection com.mysql.cj.jdbc.ConnectionImpl@751af014
2023-01-30 18:00:20,484 DEBUG [http-nio-63040-exec-2][BaseJdbcLogger.java:137] - <==    Updates: 1
2023-01-30 18:00:20,484 DEBUG [http-nio-63040-exec-2][BaseJdbcLogger.java:137] - <==    Updates: 1
2023-01-30 18:00:20,484 DEBUG [HikariPool-1 connection adder][HikariPool.java:728] - HikariPool-1 - Added connection com.mysql.cj.jdbc.ConnectionImpl@751af014
2023-01-30 18:00:20,489 DEBUG [HikariPool-1 connection adder][HikariPool.java:728] - HikariPool-1 - Added connection com.mysql.cj.jdbc.ConnectionImpl@1fd16b39
2023-01-30 18:00:20,489 DEBUG [HikariPool-1 connection adder][HikariPool.java:728] - HikariPool-1 - Added connection com.mysql.cj.jdbc.ConnectionImpl@1fd16b39
2023-01-30 18:00:20,495 DEBUG [HikariPool-1 connection adder][HikariPool.java:728] - HikariPool-1 - Added connection com.mysql.cj.jdbc.ConnectionImpl@58368504
2023-01-30 18:00:20,495 DEBUG [HikariPool-1 connection adder][HikariPool.java:728] - HikariPool-1 - Added connection com.mysql.cj.jdbc.ConnectionImpl@58368504
2023-01-30 18:00:20,500 DEBUG [HikariPool-1 connection adder][HikariPool.java:728] - HikariPool-1 - Added connection com.mysql.cj.jdbc.ConnectionImpl@41fba02e
2023-01-30 18:00:20,500 DEBUG [HikariPool-1 connection adder][HikariPool.java:728] - HikariPool-1 - Added connection com.mysql.cj.jdbc.ConnectionImpl@41fba02e
2023-01-30 18:00:20,505 DEBUG [HikariPool-1 connection adder][HikariPool.java:728] - HikariPool-1 - Added connection com.mysql.cj.jdbc.ConnectionImpl@428962f5
2023-01-30 18:00:20,505 DEBUG [HikariPool-1 connection adder][HikariPool.java:728] - HikariPool-1 - Added connection com.mysql.cj.jdbc.ConnectionImpl@428962f5
2023-01-30 18:00:20,505 DEBUG [HikariPool-1 connection adder][HikariPool.java:421] - HikariPool-1 - After adding stats (total=10, active=0, idle=10, waiting=0)
2023-01-30 18:00:20,505 DEBUG [HikariPool-1 connection adder][HikariPool.java:421] - HikariPool-1 - After adding stats (total=10, active=0, idle=10, waiting=0)
2023-01-30 18:00:20,523 DEBUG [http-nio-63040-exec-1][BaseJdbcLogger.java:137] - ==>  Preparing: select one.id one_id, one.pname one_pname, one.parentid one_parentid, one.grade one_grade, one.media_type one_mediaType, one.start_time one_stratTime, one.end_time one_endTime, one.orderby one_orderby, one.course_id one_courseId, one.course_pub_id one_coursePubId, two.id two_id, two.pname two_pname, two.parentid two_parentid, two.grade two_grade, two.media_type two_mediaType, two.start_time two_stratTime, two.end_time two_endTime, two.orderby two_orderby, two.course_id two_courseId, two.course_pub_id two_coursePubId, m1.media_fileName mediaFilename, m1.id teachplanMeidaId, m1.media_id mediaId from teachplan one LEFT JOIN teachplan two on one.id = two.parentid LEFT JOIN teachplan_media m1 on m1.teachplan_id = two.id where one.parentid = 0 and one.course_id=? order by one.orderby, two.orderby
2023-01-30 18:00:20,523 DEBUG [http-nio-63040-exec-1][BaseJdbcLogger.java:137] - ==>  Preparing: select one.id one_id, one.pname one_pname, one.parentid one_parentid, one.grade one_grade, one.media_type one_mediaType, one.start_time one_stratTime, one.end_time one_endTime, one.orderby one_orderby, one.course_id one_courseId, one.course_pub_id one_coursePubId, two.id two_id, two.pname two_pname, two.parentid two_parentid, two.grade two_grade, two.media_type two_mediaType, two.start_time two_stratTime, two.end_time two_endTime, two.orderby two_orderby, two.course_id two_courseId, two.course_pub_id two_coursePubId, m1.media_fileName mediaFilename, m1.id teachplanMeidaId, m1.media_id mediaId from teachplan one LEFT JOIN teachplan two on one.id = two.parentid LEFT JOIN teachplan_media m1 on m1.teachplan_id = two.id where one.parentid = 0 and one.course_id=? order by one.orderby, two.orderby
2023-01-30 18:00:20,524 DEBUG [http-nio-63040-exec-1][BaseJdbcLogger.java:137] - ==> Parameters: 119(Long)
2023-01-30 18:00:20,524 DEBUG [http-nio-63040-exec-1][BaseJdbcLogger.java:137] - ==> Parameters: 119(Long)
2023-01-30 18:00:20,531 DEBUG [http-nio-63040-exec-1][BaseJdbcLogger.java:137] - <==      Total: 5
2023-01-30 18:00:20,531 DEBUG [http-nio-63040-exec-1][BaseJdbcLogger.java:137] - <==      Total: 5
