2023-02-19 09:48:27,967 INFO [main][SpringApplication.java:655] - The following profiles are active: dev
2023-02-19 09:48:27,967 INFO [main][SpringApplication.java:655] - The following profiles are active: dev
2023-02-19 09:48:29,404 WARN [main][EndpointId.java:155] - Endpoint ID 'service-registry' contains invalid characters, please migrate to a valid format.
2023-02-19 09:48:29,404 WARN [main][EndpointId.java:155] - Endpoint ID 'service-registry' contains invalid characters, please migrate to a valid format.
2023-02-19 09:48:29,515 DEBUG [main][LogFactory.java:105] - Logging initialized using 'class org.apache.ibatis.logging.slf4j.Slf4jImpl' adapter.
2023-02-19 09:48:29,515 DEBUG [main][LogFactory.java:105] - Logging initialized using 'class org.apache.ibatis.logging.slf4j.Slf4jImpl' adapter.
2023-02-19 09:48:29,667 INFO [main][GenericScope.java:295] - BeanFactory id=a78fbec6-acfc-3f45-9bfe-3be8a9ce1c87
2023-02-19 09:48:29,667 INFO [main][GenericScope.java:295] - BeanFactory id=a78fbec6-acfc-3f45-9bfe-3be8a9ce1c87
2023-02-19 09:48:30,000 INFO [main][PostProcessorRegistrationDelegate.java:335] - Bean 'org.springframework.security.access.expression.method.DefaultMethodSecurityExpressionHandler@54e0f76f' of type [org.springframework.security.oauth2.provider.expression.OAuth2MethodSecurityExpressionHandler] is not eligible for getting processed by all BeanPostProcessors (for example: not eligible for auto-proxying)
2023-02-19 09:48:30,000 INFO [main][PostProcessorRegistrationDelegate.java:335] - Bean 'org.springframework.security.access.expression.method.DefaultMethodSecurityExpressionHandler@54e0f76f' of type [org.springframework.security.oauth2.provider.expression.OAuth2MethodSecurityExpressionHandler] is not eligible for getting processed by all BeanPostProcessors (for example: not eligible for auto-proxying)
2023-02-19 09:48:30,024 INFO [main][PostProcessorRegistrationDelegate.java:335] - Bean 'methodSecurityMetadataSource' of type [org.springframework.security.access.method.DelegatingMethodSecurityMetadataSource] is not eligible for getting processed by all BeanPostProcessors (for example: not eligible for auto-proxying)
2023-02-19 09:48:30,024 INFO [main][PostProcessorRegistrationDelegate.java:335] - Bean 'methodSecurityMetadataSource' of type [org.springframework.security.access.method.DelegatingMethodSecurityMetadataSource] is not eligible for getting processed by all BeanPostProcessors (for example: not eligible for auto-proxying)
2023-02-19 09:48:30,217 DEBUG [main][HikariConfig.java:946] - Driver class com.mysql.cj.jdbc.Driver found in Thread context class loader sun.misc.Launcher$AppClassLoader@18b4aac2
2023-02-19 09:48:30,217 DEBUG [main][HikariConfig.java:946] - Driver class com.mysql.cj.jdbc.Driver found in Thread context class loader sun.misc.Launcher$AppClassLoader@18b4aac2
2023-02-19 09:48:30,365 DEBUG [main][Logger.java:49] - Registered plugin: 'com.baomidou.mybatisplus.extension.plugins.MybatisPlusInterceptor@1328f482'
2023-02-19 09:48:30,365 DEBUG [main][Logger.java:49] - Registered plugin: 'com.baomidou.mybatisplus.extension.plugins.MybatisPlusInterceptor@1328f482'
2023-02-19 09:48:30,368 DEBUG [main][Logger.java:49] - Property 'mapperLocations' was not specified.
2023-02-19 09:48:30,368 DEBUG [main][Logger.java:49] - Property 'mapperLocations' was not specified.
2023-02-19 09:48:32,671 DEBUG [main][MybatisConfiguration.java:128] - addMappedStatement: com.xuecheng.orders.mapper.XcOrdersMapper.insert
2023-02-19 09:48:32,671 DEBUG [main][MybatisConfiguration.java:128] - addMappedStatement: com.xuecheng.orders.mapper.XcOrdersMapper.insert
2023-02-19 09:48:32,677 DEBUG [main][MybatisConfiguration.java:128] - addMappedStatement: com.xuecheng.orders.mapper.XcOrdersMapper.delete
2023-02-19 09:48:32,677 DEBUG [main][MybatisConfiguration.java:128] - addMappedStatement: com.xuecheng.orders.mapper.XcOrdersMapper.delete
2023-02-19 09:48:32,682 DEBUG [main][MybatisConfiguration.java:128] - addMappedStatement: com.xuecheng.orders.mapper.XcOrdersMapper.deleteByMap
2023-02-19 09:48:32,682 DEBUG [main][MybatisConfiguration.java:128] - addMappedStatement: com.xuecheng.orders.mapper.XcOrdersMapper.deleteByMap
2023-02-19 09:48:32,724 DEBUG [main][MybatisConfiguration.java:128] - addMappedStatement: com.xuecheng.orders.mapper.XcOrdersMapper.deleteById
2023-02-19 09:48:32,724 DEBUG [main][MybatisConfiguration.java:128] - addMappedStatement: com.xuecheng.orders.mapper.XcOrdersMapper.deleteById
2023-02-19 09:48:32,726 DEBUG [main][MybatisConfiguration.java:128] - addMappedStatement: com.xuecheng.orders.mapper.XcOrdersMapper.deleteBatchIds
2023-02-19 09:48:32,726 DEBUG [main][MybatisConfiguration.java:128] - addMappedStatement: com.xuecheng.orders.mapper.XcOrdersMapper.deleteBatchIds
2023-02-19 09:48:32,732 DEBUG [main][MybatisConfiguration.java:128] - addMappedStatement: com.xuecheng.orders.mapper.XcOrdersMapper.update
2023-02-19 09:48:32,732 DEBUG [main][MybatisConfiguration.java:128] - addMappedStatement: com.xuecheng.orders.mapper.XcOrdersMapper.update
2023-02-19 09:48:32,736 DEBUG [main][MybatisConfiguration.java:128] - addMappedStatement: com.xuecheng.orders.mapper.XcOrdersMapper.updateById
2023-02-19 09:48:32,736 DEBUG [main][MybatisConfiguration.java:128] - addMappedStatement: com.xuecheng.orders.mapper.XcOrdersMapper.updateById
2023-02-19 09:48:32,737 DEBUG [main][MybatisConfiguration.java:128] - addMappedStatement: com.xuecheng.orders.mapper.XcOrdersMapper.selectById
2023-02-19 09:48:32,737 DEBUG [main][MybatisConfiguration.java:128] - addMappedStatement: com.xuecheng.orders.mapper.XcOrdersMapper.selectById
2023-02-19 09:48:32,739 DEBUG [main][MybatisConfiguration.java:128] - addMappedStatement: com.xuecheng.orders.mapper.XcOrdersMapper.selectBatchIds
2023-02-19 09:48:32,739 DEBUG [main][MybatisConfiguration.java:128] - addMappedStatement: com.xuecheng.orders.mapper.XcOrdersMapper.selectBatchIds
2023-02-19 09:48:32,741 DEBUG [main][MybatisConfiguration.java:128] - addMappedStatement: com.xuecheng.orders.mapper.XcOrdersMapper.selectByMap
2023-02-19 09:48:32,741 DEBUG [main][MybatisConfiguration.java:128] - addMappedStatement: com.xuecheng.orders.mapper.XcOrdersMapper.selectByMap
2023-02-19 09:48:32,745 DEBUG [main][MybatisConfiguration.java:128] - addMappedStatement: com.xuecheng.orders.mapper.XcOrdersMapper.selectOne
2023-02-19 09:48:32,745 DEBUG [main][MybatisConfiguration.java:128] - addMappedStatement: com.xuecheng.orders.mapper.XcOrdersMapper.selectOne
2023-02-19 09:48:32,748 DEBUG [main][MybatisConfiguration.java:128] - addMappedStatement: com.xuecheng.orders.mapper.XcOrdersMapper.selectCount
2023-02-19 09:48:32,748 DEBUG [main][MybatisConfiguration.java:128] - addMappedStatement: com.xuecheng.orders.mapper.XcOrdersMapper.selectCount
2023-02-19 09:48:32,752 DEBUG [main][MybatisConfiguration.java:128] - addMappedStatement: com.xuecheng.orders.mapper.XcOrdersMapper.selectMaps
2023-02-19 09:48:32,752 DEBUG [main][MybatisConfiguration.java:128] - addMappedStatement: com.xuecheng.orders.mapper.XcOrdersMapper.selectMaps
2023-02-19 09:48:32,755 DEBUG [main][MybatisConfiguration.java:128] - addMappedStatement: com.xuecheng.orders.mapper.XcOrdersMapper.selectMapsPage
2023-02-19 09:48:32,755 DEBUG [main][MybatisConfiguration.java:128] - addMappedStatement: com.xuecheng.orders.mapper.XcOrdersMapper.selectMapsPage
2023-02-19 09:48:32,758 DEBUG [main][MybatisConfiguration.java:128] - addMappedStatement: com.xuecheng.orders.mapper.XcOrdersMapper.selectObjs
2023-02-19 09:48:32,758 DEBUG [main][MybatisConfiguration.java:128] - addMappedStatement: com.xuecheng.orders.mapper.XcOrdersMapper.selectObjs
2023-02-19 09:48:32,761 DEBUG [main][MybatisConfiguration.java:128] - addMappedStatement: com.xuecheng.orders.mapper.XcOrdersMapper.selectList
2023-02-19 09:48:32,761 DEBUG [main][MybatisConfiguration.java:128] - addMappedStatement: com.xuecheng.orders.mapper.XcOrdersMapper.selectList
2023-02-19 09:48:32,764 DEBUG [main][MybatisConfiguration.java:128] - addMappedStatement: com.xuecheng.orders.mapper.XcOrdersMapper.selectPage
2023-02-19 09:48:32,764 DEBUG [main][MybatisConfiguration.java:128] - addMappedStatement: com.xuecheng.orders.mapper.XcOrdersMapper.selectPage
2023-02-19 09:48:32,788 DEBUG [main][MybatisConfiguration.java:128] - addMappedStatement: com.xuecheng.orders.mapper.XcOrdersGoodsMapper.insert
2023-02-19 09:48:32,788 DEBUG [main][MybatisConfiguration.java:128] - addMappedStatement: com.xuecheng.orders.mapper.XcOrdersGoodsMapper.insert
2023-02-19 09:48:32,791 DEBUG [main][MybatisConfiguration.java:128] - addMappedStatement: com.xuecheng.orders.mapper.XcOrdersGoodsMapper.delete
2023-02-19 09:48:32,791 DEBUG [main][MybatisConfiguration.java:128] - addMappedStatement: com.xuecheng.orders.mapper.XcOrdersGoodsMapper.delete
2023-02-19 09:48:32,794 DEBUG [main][MybatisConfiguration.java:128] - addMappedStatement: com.xuecheng.orders.mapper.XcOrdersGoodsMapper.deleteByMap
2023-02-19 09:48:32,794 DEBUG [main][MybatisConfiguration.java:128] - addMappedStatement: com.xuecheng.orders.mapper.XcOrdersGoodsMapper.deleteByMap
2023-02-19 09:48:32,797 DEBUG [main][MybatisConfiguration.java:128] - addMappedStatement: com.xuecheng.orders.mapper.XcOrdersGoodsMapper.deleteById
2023-02-19 09:48:32,797 DEBUG [main][MybatisConfiguration.java:128] - addMappedStatement: com.xuecheng.orders.mapper.XcOrdersGoodsMapper.deleteById
2023-02-19 09:48:32,800 DEBUG [main][MybatisConfiguration.java:128] - addMappedStatement: com.xuecheng.orders.mapper.XcOrdersGoodsMapper.deleteBatchIds
2023-02-19 09:48:32,800 DEBUG [main][MybatisConfiguration.java:128] - addMappedStatement: com.xuecheng.orders.mapper.XcOrdersGoodsMapper.deleteBatchIds
2023-02-19 09:48:32,803 DEBUG [main][MybatisConfiguration.java:128] - addMappedStatement: com.xuecheng.orders.mapper.XcOrdersGoodsMapper.update
2023-02-19 09:48:32,803 DEBUG [main][MybatisConfiguration.java:128] - addMappedStatement: com.xuecheng.orders.mapper.XcOrdersGoodsMapper.update
2023-02-19 09:48:32,806 DEBUG [main][MybatisConfiguration.java:128] - addMappedStatement: com.xuecheng.orders.mapper.XcOrdersGoodsMapper.updateById
2023-02-19 09:48:32,806 DEBUG [main][MybatisConfiguration.java:128] - addMappedStatement: com.xuecheng.orders.mapper.XcOrdersGoodsMapper.updateById
2023-02-19 09:48:32,807 DEBUG [main][MybatisConfiguration.java:128] - addMappedStatement: com.xuecheng.orders.mapper.XcOrdersGoodsMapper.selectById
2023-02-19 09:48:32,807 DEBUG [main][MybatisConfiguration.java:128] - addMappedStatement: com.xuecheng.orders.mapper.XcOrdersGoodsMapper.selectById
2023-02-19 09:48:32,809 DEBUG [main][MybatisConfiguration.java:128] - addMappedStatement: com.xuecheng.orders.mapper.XcOrdersGoodsMapper.selectBatchIds
2023-02-19 09:48:32,809 DEBUG [main][MybatisConfiguration.java:128] - addMappedStatement: com.xuecheng.orders.mapper.XcOrdersGoodsMapper.selectBatchIds
2023-02-19 09:48:32,812 DEBUG [main][MybatisConfiguration.java:128] - addMappedStatement: com.xuecheng.orders.mapper.XcOrdersGoodsMapper.selectByMap
2023-02-19 09:48:32,812 DEBUG [main][MybatisConfiguration.java:128] - addMappedStatement: com.xuecheng.orders.mapper.XcOrdersGoodsMapper.selectByMap
2023-02-19 09:48:32,816 DEBUG [main][MybatisConfiguration.java:128] - addMappedStatement: com.xuecheng.orders.mapper.XcOrdersGoodsMapper.selectOne
2023-02-19 09:48:32,816 DEBUG [main][MybatisConfiguration.java:128] - addMappedStatement: com.xuecheng.orders.mapper.XcOrdersGoodsMapper.selectOne
2023-02-19 09:48:32,819 DEBUG [main][MybatisConfiguration.java:128] - addMappedStatement: com.xuecheng.orders.mapper.XcOrdersGoodsMapper.selectCount
2023-02-19 09:48:32,819 DEBUG [main][MybatisConfiguration.java:128] - addMappedStatement: com.xuecheng.orders.mapper.XcOrdersGoodsMapper.selectCount
2023-02-19 09:48:32,822 DEBUG [main][MybatisConfiguration.java:128] - addMappedStatement: com.xuecheng.orders.mapper.XcOrdersGoodsMapper.selectMaps
2023-02-19 09:48:32,822 DEBUG [main][MybatisConfiguration.java:128] - addMappedStatement: com.xuecheng.orders.mapper.XcOrdersGoodsMapper.selectMaps
2023-02-19 09:48:32,825 DEBUG [main][MybatisConfiguration.java:128] - addMappedStatement: com.xuecheng.orders.mapper.XcOrdersGoodsMapper.selectMapsPage
2023-02-19 09:48:32,825 DEBUG [main][MybatisConfiguration.java:128] - addMappedStatement: com.xuecheng.orders.mapper.XcOrdersGoodsMapper.selectMapsPage
2023-02-19 09:48:32,828 DEBUG [main][MybatisConfiguration.java:128] - addMappedStatement: com.xuecheng.orders.mapper.XcOrdersGoodsMapper.selectObjs
2023-02-19 09:48:32,828 DEBUG [main][MybatisConfiguration.java:128] - addMappedStatement: com.xuecheng.orders.mapper.XcOrdersGoodsMapper.selectObjs
2023-02-19 09:48:32,831 DEBUG [main][MybatisConfiguration.java:128] - addMappedStatement: com.xuecheng.orders.mapper.XcOrdersGoodsMapper.selectList
2023-02-19 09:48:32,831 DEBUG [main][MybatisConfiguration.java:128] - addMappedStatement: com.xuecheng.orders.mapper.XcOrdersGoodsMapper.selectList
2023-02-19 09:48:32,834 DEBUG [main][MybatisConfiguration.java:128] - addMappedStatement: com.xuecheng.orders.mapper.XcOrdersGoodsMapper.selectPage
2023-02-19 09:48:32,834 DEBUG [main][MybatisConfiguration.java:128] - addMappedStatement: com.xuecheng.orders.mapper.XcOrdersGoodsMapper.selectPage
2023-02-19 09:48:32,865 DEBUG [main][MybatisConfiguration.java:128] - addMappedStatement: com.xuecheng.orders.mapper.XcPayRecordMapper.insert
2023-02-19 09:48:32,865 DEBUG [main][MybatisConfiguration.java:128] - addMappedStatement: com.xuecheng.orders.mapper.XcPayRecordMapper.insert
2023-02-19 09:48:32,868 DEBUG [main][MybatisConfiguration.java:128] - addMappedStatement: com.xuecheng.orders.mapper.XcPayRecordMapper.delete
2023-02-19 09:48:32,868 DEBUG [main][MybatisConfiguration.java:128] - addMappedStatement: com.xuecheng.orders.mapper.XcPayRecordMapper.delete
2023-02-19 09:48:32,871 DEBUG [main][MybatisConfiguration.java:128] - addMappedStatement: com.xuecheng.orders.mapper.XcPayRecordMapper.deleteByMap
2023-02-19 09:48:32,871 DEBUG [main][MybatisConfiguration.java:128] - addMappedStatement: com.xuecheng.orders.mapper.XcPayRecordMapper.deleteByMap
2023-02-19 09:48:32,874 DEBUG [main][MybatisConfiguration.java:128] - addMappedStatement: com.xuecheng.orders.mapper.XcPayRecordMapper.deleteById
2023-02-19 09:48:32,874 DEBUG [main][MybatisConfiguration.java:128] - addMappedStatement: com.xuecheng.orders.mapper.XcPayRecordMapper.deleteById
2023-02-19 09:48:32,877 DEBUG [main][MybatisConfiguration.java:128] - addMappedStatement: com.xuecheng.orders.mapper.XcPayRecordMapper.deleteBatchIds
2023-02-19 09:48:32,877 DEBUG [main][MybatisConfiguration.java:128] - addMappedStatement: com.xuecheng.orders.mapper.XcPayRecordMapper.deleteBatchIds
2023-02-19 09:48:32,881 DEBUG [main][MybatisConfiguration.java:128] - addMappedStatement: com.xuecheng.orders.mapper.XcPayRecordMapper.update
2023-02-19 09:48:32,881 DEBUG [main][MybatisConfiguration.java:128] - addMappedStatement: com.xuecheng.orders.mapper.XcPayRecordMapper.update
2023-02-19 09:48:32,885 DEBUG [main][MybatisConfiguration.java:128] - addMappedStatement: com.xuecheng.orders.mapper.XcPayRecordMapper.updateById
2023-02-19 09:48:32,885 DEBUG [main][MybatisConfiguration.java:128] - addMappedStatement: com.xuecheng.orders.mapper.XcPayRecordMapper.updateById
2023-02-19 09:48:32,886 DEBUG [main][MybatisConfiguration.java:128] - addMappedStatement: com.xuecheng.orders.mapper.XcPayRecordMapper.selectById
2023-02-19 09:48:32,886 DEBUG [main][MybatisConfiguration.java:128] - addMappedStatement: com.xuecheng.orders.mapper.XcPayRecordMapper.selectById
2023-02-19 09:48:32,888 DEBUG [main][MybatisConfiguration.java:128] - addMappedStatement: com.xuecheng.orders.mapper.XcPayRecordMapper.selectBatchIds
2023-02-19 09:48:32,888 DEBUG [main][MybatisConfiguration.java:128] - addMappedStatement: com.xuecheng.orders.mapper.XcPayRecordMapper.selectBatchIds
2023-02-19 09:48:32,891 DEBUG [main][MybatisConfiguration.java:128] - addMappedStatement: com.xuecheng.orders.mapper.XcPayRecordMapper.selectByMap
2023-02-19 09:48:32,891 DEBUG [main][MybatisConfiguration.java:128] - addMappedStatement: com.xuecheng.orders.mapper.XcPayRecordMapper.selectByMap
2023-02-19 09:48:32,894 DEBUG [main][MybatisConfiguration.java:128] - addMappedStatement: com.xuecheng.orders.mapper.XcPayRecordMapper.selectOne
2023-02-19 09:48:32,894 DEBUG [main][MybatisConfiguration.java:128] - addMappedStatement: com.xuecheng.orders.mapper.XcPayRecordMapper.selectOne
2023-02-19 09:48:32,898 DEBUG [main][MybatisConfiguration.java:128] - addMappedStatement: com.xuecheng.orders.mapper.XcPayRecordMapper.selectCount
2023-02-19 09:48:32,898 DEBUG [main][MybatisConfiguration.java:128] - addMappedStatement: com.xuecheng.orders.mapper.XcPayRecordMapper.selectCount
2023-02-19 09:48:32,901 DEBUG [main][MybatisConfiguration.java:128] - addMappedStatement: com.xuecheng.orders.mapper.XcPayRecordMapper.selectMaps
2023-02-19 09:48:32,901 DEBUG [main][MybatisConfiguration.java:128] - addMappedStatement: com.xuecheng.orders.mapper.XcPayRecordMapper.selectMaps
2023-02-19 09:48:32,904 DEBUG [main][MybatisConfiguration.java:128] - addMappedStatement: com.xuecheng.orders.mapper.XcPayRecordMapper.selectMapsPage
2023-02-19 09:48:32,904 DEBUG [main][MybatisConfiguration.java:128] - addMappedStatement: com.xuecheng.orders.mapper.XcPayRecordMapper.selectMapsPage
2023-02-19 09:48:32,907 DEBUG [main][MybatisConfiguration.java:128] - addMappedStatement: com.xuecheng.orders.mapper.XcPayRecordMapper.selectObjs
2023-02-19 09:48:32,907 DEBUG [main][MybatisConfiguration.java:128] - addMappedStatement: com.xuecheng.orders.mapper.XcPayRecordMapper.selectObjs
2023-02-19 09:48:32,911 DEBUG [main][MybatisConfiguration.java:128] - addMappedStatement: com.xuecheng.orders.mapper.XcPayRecordMapper.selectList
2023-02-19 09:48:32,911 DEBUG [main][MybatisConfiguration.java:128] - addMappedStatement: com.xuecheng.orders.mapper.XcPayRecordMapper.selectList
2023-02-19 09:48:32,914 DEBUG [main][MybatisConfiguration.java:128] - addMappedStatement: com.xuecheng.orders.mapper.XcPayRecordMapper.selectPage
2023-02-19 09:48:32,914 DEBUG [main][MybatisConfiguration.java:128] - addMappedStatement: com.xuecheng.orders.mapper.XcPayRecordMapper.selectPage
2023-02-19 09:48:32,973 DEBUG [main][MybatisConfiguration.java:128] - addMappedStatement: com.xuecheng.messagesdk.mapper.MqMessageMapper.selectListByShardIndex
2023-02-19 09:48:32,973 DEBUG [main][MybatisConfiguration.java:128] - addMappedStatement: com.xuecheng.messagesdk.mapper.MqMessageMapper.selectListByShardIndex
2023-02-19 09:48:32,978 DEBUG [main][MybatisConfiguration.java:128] - addMappedStatement: com.xuecheng.messagesdk.mapper.MqMessageMapper.insert
2023-02-19 09:48:32,978 DEBUG [main][MybatisConfiguration.java:128] - addMappedStatement: com.xuecheng.messagesdk.mapper.MqMessageMapper.insert
2023-02-19 09:48:32,982 DEBUG [main][MybatisConfiguration.java:128] - addMappedStatement: com.xuecheng.messagesdk.mapper.MqMessageMapper.delete
2023-02-19 09:48:32,982 DEBUG [main][MybatisConfiguration.java:128] - addMappedStatement: com.xuecheng.messagesdk.mapper.MqMessageMapper.delete
2023-02-19 09:48:32,985 DEBUG [main][MybatisConfiguration.java:128] - addMappedStatement: com.xuecheng.messagesdk.mapper.MqMessageMapper.deleteByMap
2023-02-19 09:48:32,985 DEBUG [main][MybatisConfiguration.java:128] - addMappedStatement: com.xuecheng.messagesdk.mapper.MqMessageMapper.deleteByMap
2023-02-19 09:48:32,988 DEBUG [main][MybatisConfiguration.java:128] - addMappedStatement: com.xuecheng.messagesdk.mapper.MqMessageMapper.deleteById
2023-02-19 09:48:32,988 DEBUG [main][MybatisConfiguration.java:128] - addMappedStatement: com.xuecheng.messagesdk.mapper.MqMessageMapper.deleteById
2023-02-19 09:48:32,991 DEBUG [main][MybatisConfiguration.java:128] - addMappedStatement: com.xuecheng.messagesdk.mapper.MqMessageMapper.deleteBatchIds
2023-02-19 09:48:32,991 DEBUG [main][MybatisConfiguration.java:128] - addMappedStatement: com.xuecheng.messagesdk.mapper.MqMessageMapper.deleteBatchIds
2023-02-19 09:48:32,995 DEBUG [main][MybatisConfiguration.java:128] - addMappedStatement: com.xuecheng.messagesdk.mapper.MqMessageMapper.update
2023-02-19 09:48:32,995 DEBUG [main][MybatisConfiguration.java:128] - addMappedStatement: com.xuecheng.messagesdk.mapper.MqMessageMapper.update
2023-02-19 09:48:32,999 DEBUG [main][MybatisConfiguration.java:128] - addMappedStatement: com.xuecheng.messagesdk.mapper.MqMessageMapper.updateById
2023-02-19 09:48:32,999 DEBUG [main][MybatisConfiguration.java:128] - addMappedStatement: com.xuecheng.messagesdk.mapper.MqMessageMapper.updateById
2023-02-19 09:48:33,000 DEBUG [main][MybatisConfiguration.java:128] - addMappedStatement: com.xuecheng.messagesdk.mapper.MqMessageMapper.selectById
2023-02-19 09:48:33,000 DEBUG [main][MybatisConfiguration.java:128] - addMappedStatement: com.xuecheng.messagesdk.mapper.MqMessageMapper.selectById
2023-02-19 09:48:33,003 DEBUG [main][MybatisConfiguration.java:128] - addMappedStatement: com.xuecheng.messagesdk.mapper.MqMessageMapper.selectBatchIds
2023-02-19 09:48:33,003 DEBUG [main][MybatisConfiguration.java:128] - addMappedStatement: com.xuecheng.messagesdk.mapper.MqMessageMapper.selectBatchIds
2023-02-19 09:48:33,007 DEBUG [main][MybatisConfiguration.java:128] - addMappedStatement: com.xuecheng.messagesdk.mapper.MqMessageMapper.selectByMap
2023-02-19 09:48:33,007 DEBUG [main][MybatisConfiguration.java:128] - addMappedStatement: com.xuecheng.messagesdk.mapper.MqMessageMapper.selectByMap
2023-02-19 09:48:33,011 DEBUG [main][MybatisConfiguration.java:128] - addMappedStatement: com.xuecheng.messagesdk.mapper.MqMessageMapper.selectOne
2023-02-19 09:48:33,011 DEBUG [main][MybatisConfiguration.java:128] - addMappedStatement: com.xuecheng.messagesdk.mapper.MqMessageMapper.selectOne
2023-02-19 09:48:33,014 DEBUG [main][MybatisConfiguration.java:128] - addMappedStatement: com.xuecheng.messagesdk.mapper.MqMessageMapper.selectCount
2023-02-19 09:48:33,014 DEBUG [main][MybatisConfiguration.java:128] - addMappedStatement: com.xuecheng.messagesdk.mapper.MqMessageMapper.selectCount
2023-02-19 09:48:33,018 DEBUG [main][MybatisConfiguration.java:128] - addMappedStatement: com.xuecheng.messagesdk.mapper.MqMessageMapper.selectMaps
2023-02-19 09:48:33,018 DEBUG [main][MybatisConfiguration.java:128] - addMappedStatement: com.xuecheng.messagesdk.mapper.MqMessageMapper.selectMaps
2023-02-19 09:48:33,022 DEBUG [main][MybatisConfiguration.java:128] - addMappedStatement: com.xuecheng.messagesdk.mapper.MqMessageMapper.selectMapsPage
2023-02-19 09:48:33,022 DEBUG [main][MybatisConfiguration.java:128] - addMappedStatement: com.xuecheng.messagesdk.mapper.MqMessageMapper.selectMapsPage
2023-02-19 09:48:33,026 DEBUG [main][MybatisConfiguration.java:128] - addMappedStatement: com.xuecheng.messagesdk.mapper.MqMessageMapper.selectObjs
2023-02-19 09:48:33,026 DEBUG [main][MybatisConfiguration.java:128] - addMappedStatement: com.xuecheng.messagesdk.mapper.MqMessageMapper.selectObjs
2023-02-19 09:48:33,030 DEBUG [main][MybatisConfiguration.java:128] - addMappedStatement: com.xuecheng.messagesdk.mapper.MqMessageMapper.selectList
2023-02-19 09:48:33,030 DEBUG [main][MybatisConfiguration.java:128] - addMappedStatement: com.xuecheng.messagesdk.mapper.MqMessageMapper.selectList
2023-02-19 09:48:33,034 DEBUG [main][MybatisConfiguration.java:128] - addMappedStatement: com.xuecheng.messagesdk.mapper.MqMessageMapper.selectPage
2023-02-19 09:48:33,034 DEBUG [main][MybatisConfiguration.java:128] - addMappedStatement: com.xuecheng.messagesdk.mapper.MqMessageMapper.selectPage
2023-02-19 09:48:33,060 DEBUG [main][MybatisConfiguration.java:128] - addMappedStatement: com.xuecheng.messagesdk.mapper.MqMessageHistoryMapper.insert
2023-02-19 09:48:33,060 DEBUG [main][MybatisConfiguration.java:128] - addMappedStatement: com.xuecheng.messagesdk.mapper.MqMessageHistoryMapper.insert
2023-02-19 09:48:33,063 DEBUG [main][MybatisConfiguration.java:128] - addMappedStatement: com.xuecheng.messagesdk.mapper.MqMessageHistoryMapper.delete
2023-02-19 09:48:33,063 DEBUG [main][MybatisConfiguration.java:128] - addMappedStatement: com.xuecheng.messagesdk.mapper.MqMessageHistoryMapper.delete
2023-02-19 09:48:33,066 DEBUG [main][MybatisConfiguration.java:128] - addMappedStatement: com.xuecheng.messagesdk.mapper.MqMessageHistoryMapper.deleteByMap
2023-02-19 09:48:33,066 DEBUG [main][MybatisConfiguration.java:128] - addMappedStatement: com.xuecheng.messagesdk.mapper.MqMessageHistoryMapper.deleteByMap
2023-02-19 09:48:33,069 DEBUG [main][MybatisConfiguration.java:128] - addMappedStatement: com.xuecheng.messagesdk.mapper.MqMessageHistoryMapper.deleteById
2023-02-19 09:48:33,069 DEBUG [main][MybatisConfiguration.java:128] - addMappedStatement: com.xuecheng.messagesdk.mapper.MqMessageHistoryMapper.deleteById
2023-02-19 09:48:33,072 DEBUG [main][MybatisConfiguration.java:128] - addMappedStatement: com.xuecheng.messagesdk.mapper.MqMessageHistoryMapper.deleteBatchIds
2023-02-19 09:48:33,072 DEBUG [main][MybatisConfiguration.java:128] - addMappedStatement: com.xuecheng.messagesdk.mapper.MqMessageHistoryMapper.deleteBatchIds
2023-02-19 09:48:33,076 DEBUG [main][MybatisConfiguration.java:128] - addMappedStatement: com.xuecheng.messagesdk.mapper.MqMessageHistoryMapper.update
2023-02-19 09:48:33,076 DEBUG [main][MybatisConfiguration.java:128] - addMappedStatement: com.xuecheng.messagesdk.mapper.MqMessageHistoryMapper.update
2023-02-19 09:48:33,078 DEBUG [main][MybatisConfiguration.java:128] - addMappedStatement: com.xuecheng.messagesdk.mapper.MqMessageHistoryMapper.updateById
2023-02-19 09:48:33,078 DEBUG [main][MybatisConfiguration.java:128] - addMappedStatement: com.xuecheng.messagesdk.mapper.MqMessageHistoryMapper.updateById
2023-02-19 09:48:33,080 DEBUG [main][MybatisConfiguration.java:128] - addMappedStatement: com.xuecheng.messagesdk.mapper.MqMessageHistoryMapper.selectById
2023-02-19 09:48:33,080 DEBUG [main][MybatisConfiguration.java:128] - addMappedStatement: com.xuecheng.messagesdk.mapper.MqMessageHistoryMapper.selectById
2023-02-19 09:48:33,082 DEBUG [main][MybatisConfiguration.java:128] - addMappedStatement: com.xuecheng.messagesdk.mapper.MqMessageHistoryMapper.selectBatchIds
2023-02-19 09:48:33,082 DEBUG [main][MybatisConfiguration.java:128] - addMappedStatement: com.xuecheng.messagesdk.mapper.MqMessageHistoryMapper.selectBatchIds
2023-02-19 09:48:33,084 DEBUG [main][MybatisConfiguration.java:128] - addMappedStatement: com.xuecheng.messagesdk.mapper.MqMessageHistoryMapper.selectByMap
2023-02-19 09:48:33,084 DEBUG [main][MybatisConfiguration.java:128] - addMappedStatement: com.xuecheng.messagesdk.mapper.MqMessageHistoryMapper.selectByMap
2023-02-19 09:48:33,088 DEBUG [main][MybatisConfiguration.java:128] - addMappedStatement: com.xuecheng.messagesdk.mapper.MqMessageHistoryMapper.selectOne
2023-02-19 09:48:33,088 DEBUG [main][MybatisConfiguration.java:128] - addMappedStatement: com.xuecheng.messagesdk.mapper.MqMessageHistoryMapper.selectOne
2023-02-19 09:48:33,091 DEBUG [main][MybatisConfiguration.java:128] - addMappedStatement: com.xuecheng.messagesdk.mapper.MqMessageHistoryMapper.selectCount
2023-02-19 09:48:33,091 DEBUG [main][MybatisConfiguration.java:128] - addMappedStatement: com.xuecheng.messagesdk.mapper.MqMessageHistoryMapper.selectCount
2023-02-19 09:48:33,094 DEBUG [main][MybatisConfiguration.java:128] - addMappedStatement: com.xuecheng.messagesdk.mapper.MqMessageHistoryMapper.selectMaps
2023-02-19 09:48:33,094 DEBUG [main][MybatisConfiguration.java:128] - addMappedStatement: com.xuecheng.messagesdk.mapper.MqMessageHistoryMapper.selectMaps
2023-02-19 09:48:33,098 DEBUG [main][MybatisConfiguration.java:128] - addMappedStatement: com.xuecheng.messagesdk.mapper.MqMessageHistoryMapper.selectMapsPage
2023-02-19 09:48:33,098 DEBUG [main][MybatisConfiguration.java:128] - addMappedStatement: com.xuecheng.messagesdk.mapper.MqMessageHistoryMapper.selectMapsPage
2023-02-19 09:48:33,101 DEBUG [main][MybatisConfiguration.java:128] - addMappedStatement: com.xuecheng.messagesdk.mapper.MqMessageHistoryMapper.selectObjs
2023-02-19 09:48:33,101 DEBUG [main][MybatisConfiguration.java:128] - addMappedStatement: com.xuecheng.messagesdk.mapper.MqMessageHistoryMapper.selectObjs
2023-02-19 09:48:33,105 DEBUG [main][MybatisConfiguration.java:128] - addMappedStatement: com.xuecheng.messagesdk.mapper.MqMessageHistoryMapper.selectList
2023-02-19 09:48:33,105 DEBUG [main][MybatisConfiguration.java:128] - addMappedStatement: com.xuecheng.messagesdk.mapper.MqMessageHistoryMapper.selectList
2023-02-19 09:48:33,108 DEBUG [main][MybatisConfiguration.java:128] - addMappedStatement: com.xuecheng.messagesdk.mapper.MqMessageHistoryMapper.selectPage
2023-02-19 09:48:33,108 DEBUG [main][MybatisConfiguration.java:128] - addMappedStatement: com.xuecheng.messagesdk.mapper.MqMessageHistoryMapper.selectPage
2023-02-19 09:48:34,564 DEBUG [main][InternalLoggerFactory.java:61] - Using SLF4J as the default logging framework
2023-02-19 09:48:34,564 DEBUG [main][InternalLoggerFactory.java:61] - Using SLF4J as the default logging framework
2023-02-19 09:48:34,772 WARN [main][JwtAccessTokenConverter.java:302] - Unable to create an RSA verifier from verifierKey (ignoreable if using MAC)
2023-02-19 09:48:34,772 WARN [main][JwtAccessTokenConverter.java:302] - Unable to create an RSA verifier from verifierKey (ignoreable if using MAC)
2023-02-19 09:48:35,075 INFO [main][XxlJobConfig.java:46] - >>>>>>>>>>> xxl-job config init.
2023-02-19 09:48:35,075 INFO [main][XxlJobConfig.java:46] - >>>>>>>>>>> xxl-job config init.
2023-02-19 09:48:35,332 WARN [main][URLConfigurationSource.java:121] - No URLs will be polled as dynamic configuration sources.
2023-02-19 09:48:35,332 WARN [main][URLConfigurationSource.java:121] - No URLs will be polled as dynamic configuration sources.
2023-02-19 09:48:35,332 INFO [main][URLConfigurationSource.java:122] - To enable URLs as dynamic configuration sources, define System property archaius.configurationSource.additionalUrls or make config.properties available on classpath.
2023-02-19 09:48:35,332 INFO [main][URLConfigurationSource.java:122] - To enable URLs as dynamic configuration sources, define System property archaius.configurationSource.additionalUrls or make config.properties available on classpath.
2023-02-19 09:48:35,339 WARN [main][URLConfigurationSource.java:121] - No URLs will be polled as dynamic configuration sources.
2023-02-19 09:48:35,339 WARN [main][URLConfigurationSource.java:121] - No URLs will be polled as dynamic configuration sources.
2023-02-19 09:48:35,340 INFO [main][URLConfigurationSource.java:122] - To enable URLs as dynamic configuration sources, define System property archaius.configurationSource.additionalUrls or make config.properties available on classpath.
2023-02-19 09:48:35,340 INFO [main][URLConfigurationSource.java:122] - To enable URLs as dynamic configuration sources, define System property archaius.configurationSource.additionalUrls or make config.properties available on classpath.
2023-02-19 09:48:35,380 DEBUG [main][ResourceBundleMessageInterpolator.java:172] - Loaded expression factory via original TCCL
2023-02-19 09:48:35,380 DEBUG [main][ResourceBundleMessageInterpolator.java:172] - Loaded expression factory via original TCCL
2023-02-19 09:48:35,390 DEBUG [main][AbstractConfigurationImpl.java:171] - Setting custom MessageInterpolator of type org.springframework.validation.beanvalidation.LocaleContextMessageInterpolator
2023-02-19 09:48:35,390 DEBUG [main][AbstractConfigurationImpl.java:171] - Setting custom MessageInterpolator of type org.springframework.validation.beanvalidation.LocaleContextMessageInterpolator
2023-02-19 09:48:35,391 DEBUG [main][AbstractConfigurationImpl.java:203] - Setting custom ConstraintValidatorFactory of type org.springframework.validation.beanvalidation.SpringConstraintValidatorFactory
2023-02-19 09:48:35,391 DEBUG [main][AbstractConfigurationImpl.java:203] - Setting custom ConstraintValidatorFactory of type org.springframework.validation.beanvalidation.SpringConstraintValidatorFactory
2023-02-19 09:48:35,392 DEBUG [main][AbstractConfigurationImpl.java:217] - Setting custom ParameterNameProvider of type org.springframework.validation.beanvalidation.LocalValidatorFactoryBean$1
2023-02-19 09:48:35,392 DEBUG [main][AbstractConfigurationImpl.java:217] - Setting custom ParameterNameProvider of type org.springframework.validation.beanvalidation.LocalValidatorFactoryBean$1
2023-02-19 09:48:35,394 DEBUG [main][ValidationXmlParser.java:120] - Trying to load META-INF/validation.xml for XML based Validator configuration.
2023-02-19 09:48:35,394 DEBUG [main][ValidationXmlParser.java:120] - Trying to load META-INF/validation.xml for XML based Validator configuration.
2023-02-19 09:48:35,395 DEBUG [main][ResourceLoaderHelper.java:53] - Trying to load META-INF/validation.xml via user class loader
2023-02-19 09:48:35,395 DEBUG [main][ResourceLoaderHelper.java:53] - Trying to load META-INF/validation.xml via user class loader
2023-02-19 09:48:35,396 DEBUG [main][ResourceLoaderHelper.java:60] - Trying to load META-INF/validation.xml via TCCL
2023-02-19 09:48:35,396 DEBUG [main][ResourceLoaderHelper.java:60] - Trying to load META-INF/validation.xml via TCCL
2023-02-19 09:48:35,397 DEBUG [main][ResourceLoaderHelper.java:66] - Trying to load META-INF/validation.xml via Hibernate Validator's class loader
2023-02-19 09:48:35,397 DEBUG [main][ResourceLoaderHelper.java:66] - Trying to load META-INF/validation.xml via Hibernate Validator's class loader
2023-02-19 09:48:35,397 DEBUG [main][ValidationXmlParser.java:127] - No META-INF/validation.xml found. Using annotation based configuration only.
2023-02-19 09:48:35,397 DEBUG [main][ValidationXmlParser.java:127] - No META-INF/validation.xml found. Using annotation based configuration only.
2023-02-19 09:48:35,399 DEBUG [main][TraversableResolvers.java:60] - Cannot find javax.persistence.Persistence on classpath. Assuming non JPA 2 environment. All properties will per default be traversable.
2023-02-19 09:48:35,399 DEBUG [main][TraversableResolvers.java:60] - Cannot find javax.persistence.Persistence on classpath. Assuming non JPA 2 environment. All properties will per default be traversable.
2023-02-19 09:48:35,402 DEBUG [main][ValidatorFactoryConfigurationHelper.java:300] - HV000252: Using org.hibernate.validator.internal.engine.DefaultPropertyNodeNameProvider as property node name provider.
2023-02-19 09:48:35,402 DEBUG [main][ValidatorFactoryConfigurationHelper.java:300] - HV000252: Using org.hibernate.validator.internal.engine.DefaultPropertyNodeNameProvider as property node name provider.
2023-02-19 09:48:35,402 DEBUG [main][ValidatorFactoryConfigurationHelper.java:375] - HV000234: Using org.springframework.validation.beanvalidation.LocaleContextMessageInterpolator as ValidatorFactory-scoped message interpolator.
2023-02-19 09:48:35,402 DEBUG [main][ValidatorFactoryConfigurationHelper.java:375] - HV000234: Using org.springframework.validation.beanvalidation.LocaleContextMessageInterpolator as ValidatorFactory-scoped message interpolator.
2023-02-19 09:48:35,403 DEBUG [main][ValidatorFactoryConfigurationHelper.java:376] - HV000234: Using org.hibernate.validator.internal.engine.resolver.TraverseAllTraversableResolver as ValidatorFactory-scoped traversable resolver.
2023-02-19 09:48:35,403 DEBUG [main][ValidatorFactoryConfigurationHelper.java:376] - HV000234: Using org.hibernate.validator.internal.engine.resolver.TraverseAllTraversableResolver as ValidatorFactory-scoped traversable resolver.
2023-02-19 09:48:35,403 DEBUG [main][ValidatorFactoryConfigurationHelper.java:377] - HV000234: Using org.hibernate.validator.internal.util.ExecutableParameterNameProvider as ValidatorFactory-scoped parameter name provider.
2023-02-19 09:48:35,403 DEBUG [main][ValidatorFactoryConfigurationHelper.java:377] - HV000234: Using org.hibernate.validator.internal.util.ExecutableParameterNameProvider as ValidatorFactory-scoped parameter name provider.
2023-02-19 09:48:35,403 DEBUG [main][ValidatorFactoryConfigurationHelper.java:378] - HV000234: Using org.hibernate.validator.internal.engine.DefaultClockProvider as ValidatorFactory-scoped clock provider.
2023-02-19 09:48:35,403 DEBUG [main][ValidatorFactoryConfigurationHelper.java:378] - HV000234: Using org.hibernate.validator.internal.engine.DefaultClockProvider as ValidatorFactory-scoped clock provider.
2023-02-19 09:48:35,403 DEBUG [main][ValidatorFactoryConfigurationHelper.java:379] - HV000234: Using org.hibernate.validator.internal.engine.scripting.DefaultScriptEvaluatorFactory as ValidatorFactory-scoped script evaluator factory.
2023-02-19 09:48:35,403 DEBUG [main][ValidatorFactoryConfigurationHelper.java:379] - HV000234: Using org.hibernate.validator.internal.engine.scripting.DefaultScriptEvaluatorFactory as ValidatorFactory-scoped script evaluator factory.
2023-02-19 09:48:35,654 INFO [main][ExecutorConfigurationSupport.java:181] - Initializing ExecutorService 'applicationTaskExecutor'
2023-02-19 09:48:35,654 INFO [main][ExecutorConfigurationSupport.java:181] - Initializing ExecutorService 'applicationTaskExecutor'
2023-02-19 09:48:37,725 INFO [main][ExecutorConfigurationSupport.java:181] - Initializing ExecutorService 'Nacos-Watch-Task-Scheduler'
2023-02-19 09:48:37,725 INFO [main][ExecutorConfigurationSupport.java:181] - Initializing ExecutorService 'Nacos-Watch-Task-Scheduler'
2023-02-19 09:48:37,741 INFO [main][InitUtils.java:65] - initializer namespace from System Property :null
2023-02-19 09:48:37,741 INFO [main][InitUtils.java:65] - initializer namespace from System Property :null
2023-02-19 09:48:37,742 INFO [main][InitUtils.java:74] - initializer namespace from System Environment :null
2023-02-19 09:48:37,742 INFO [main][InitUtils.java:74] - initializer namespace from System Environment :null
2023-02-19 09:48:37,743 INFO [main][InitUtils.java:84] - initializer namespace from System Property :null
2023-02-19 09:48:37,743 INFO [main][InitUtils.java:84] - initializer namespace from System Property :null
2023-02-19 09:48:37,748 DEBUG [main][NamingProxy.java:195] - server list provided by user: [192.168.101.65:8848]
2023-02-19 09:48:37,748 DEBUG [main][NamingProxy.java:195] - server list provided by user: [192.168.101.65:8848]
2023-02-19 09:48:37,750 DEBUG [com.alibaba.nacos.client.naming.updater][NamingProxy.java:195] - server list provided by user: [192.168.101.65:8848]
2023-02-19 09:48:37,750 DEBUG [com.alibaba.nacos.client.naming.updater][NamingProxy.java:195] - server list provided by user: [192.168.101.65:8848]
2023-02-19 09:48:37,755 DEBUG [com.alibaba.nacos.naming.failover][FailoverReactor.java:147] - failover switch is not found, failover00-00---000-VIPSRV_FAILOVER_SWITCH-000---00-00
2023-02-19 09:48:37,755 DEBUG [com.alibaba.nacos.naming.failover][FailoverReactor.java:147] - failover switch is not found, failover00-00---000-VIPSRV_FAILOVER_SWITCH-000---00-00
2023-02-19 09:48:38,569 INFO [main][UserDetailsServiceAutoConfiguration.java:86] - 

Using generated security password: 98c0306e-7041-4f11-929f-3fda9fa36e0e

2023-02-19 09:48:38,569 INFO [main][UserDetailsServiceAutoConfiguration.java:86] - 

Using generated security password: 98c0306e-7041-4f11-929f-3fda9fa36e0e

2023-02-19 09:48:39,037 INFO [main][DefaultSecurityFilterChain.java:43] - Creating filter chain: any request, [org.springframework.security.web.context.request.async.WebAsyncManagerIntegrationFilter@4c941d19, org.springframework.security.web.context.SecurityContextPersistenceFilter@74267ece, org.springframework.security.web.header.HeaderWriterFilter@3398ed12, org.springframework.security.web.authentication.logout.LogoutFilter@5cd6a827, org.springframework.security.oauth2.provider.authentication.OAuth2AuthenticationProcessingFilter@6a906078, org.springframework.security.web.savedrequest.RequestCacheAwareFilter@3e265811, org.springframework.security.web.servletapi.SecurityContextHolderAwareRequestFilter@78e59b04, org.springframework.security.web.authentication.AnonymousAuthenticationFilter@5248c05a, org.springframework.security.web.session.SessionManagementFilter@31daf094, org.springframework.security.web.access.ExceptionTranslationFilter@356ab368, org.springframework.security.web.access.intercept.FilterSecurityInterceptor@6892d403]
2023-02-19 09:48:39,037 INFO [main][DefaultSecurityFilterChain.java:43] - Creating filter chain: any request, [org.springframework.security.web.context.request.async.WebAsyncManagerIntegrationFilter@4c941d19, org.springframework.security.web.context.SecurityContextPersistenceFilter@74267ece, org.springframework.security.web.header.HeaderWriterFilter@3398ed12, org.springframework.security.web.authentication.logout.LogoutFilter@5cd6a827, org.springframework.security.oauth2.provider.authentication.OAuth2AuthenticationProcessingFilter@6a906078, org.springframework.security.web.savedrequest.RequestCacheAwareFilter@3e265811, org.springframework.security.web.servletapi.SecurityContextHolderAwareRequestFilter@78e59b04, org.springframework.security.web.authentication.AnonymousAuthenticationFilter@5248c05a, org.springframework.security.web.session.SessionManagementFilter@31daf094, org.springframework.security.web.access.ExceptionTranslationFilter@356ab368, org.springframework.security.web.access.intercept.FilterSecurityInterceptor@6892d403]
2023-02-19 09:48:39,239 WARN [main][FreeMarkerAutoConfiguration.java:65] - Cannot find template location(s): [classpath:/templates/] (please add some templates, check your FreeMarker configuration, or set spring.freemarker.checkTemplateLocation=false)
2023-02-19 09:48:39,239 WARN [main][FreeMarkerAutoConfiguration.java:65] - Cannot find template location(s): [classpath:/templates/] (please add some templates, check your FreeMarker configuration, or set spring.freemarker.checkTemplateLocation=false)
2023-02-19 09:48:40,909 WARN [main][SpringCloudSecurityAutoConfiguration.java:38] - All Spring Cloud Security modules and starters are deprecated. They will be moved to individual projects in the next major release.
2023-02-19 09:48:40,909 WARN [main][SpringCloudSecurityAutoConfiguration.java:38] - All Spring Cloud Security modules and starters are deprecated. They will be moved to individual projects in the next major release.
2023-02-19 09:48:40,925 INFO [main][EndpointLinksResolver.java:58] - Exposing 2 endpoint(s) beneath base path '/actuator'
2023-02-19 09:48:40,925 INFO [main][EndpointLinksResolver.java:58] - Exposing 2 endpoint(s) beneath base path '/actuator'
2023-02-19 09:48:41,016 INFO [main][XxlJobExecutor.java:183] - >>>>>>>>>>> xxl-job register jobhandler success, name:NotifyPayResultJobHandler, jobHandler:com.xxl.job.core.handler.impl.MethodJobHandler@5694f6a0[class com.xuecheng.orders.jobhandler.PayNotifyTask#notifyPayResultJobHandler]
2023-02-19 09:48:41,016 INFO [main][XxlJobExecutor.java:183] - >>>>>>>>>>> xxl-job register jobhandler success, name:NotifyPayResultJobHandler, jobHandler:com.xxl.job.core.handler.impl.MethodJobHandler@5694f6a0[class com.xuecheng.orders.jobhandler.PayNotifyTask#notifyPayResultJobHandler]
2023-02-19 09:48:41,110 DEBUG [Thread-18][InternalLoggerFactory.java:45] - Using SLF4J as the default logging framework
2023-02-19 09:48:41,110 DEBUG [Thread-18][InternalLoggerFactory.java:45] - Using SLF4J as the default logging framework
2023-02-19 09:48:41,116 DEBUG [Thread-18][MultithreadEventLoopGroup.java:44] - -Dio.netty.eventLoopThreads: 24
2023-02-19 09:48:41,116 DEBUG [Thread-18][MultithreadEventLoopGroup.java:44] - -Dio.netty.eventLoopThreads: 24
2023-02-19 09:48:41,153 DEBUG [Thread-18][InternalThreadLocalMap.java:56] - -Dio.netty.threadLocalMap.stringBuilder.initialSize: 1024
2023-02-19 09:48:41,153 DEBUG [Thread-18][InternalThreadLocalMap.java:56] - -Dio.netty.threadLocalMap.stringBuilder.initialSize: 1024
2023-02-19 09:48:41,154 DEBUG [Thread-18][InternalThreadLocalMap.java:59] - -Dio.netty.threadLocalMap.stringBuilder.maxSize: 4096
2023-02-19 09:48:41,154 DEBUG [Thread-18][InternalThreadLocalMap.java:59] - -Dio.netty.threadLocalMap.stringBuilder.maxSize: 4096
2023-02-19 09:48:41,158 DEBUG [main][HostReactor.java:306] - failover-mode: false
2023-02-19 09:48:41,158 DEBUG [main][HostReactor.java:306] - failover-mode: false
2023-02-19 09:48:41,161 DEBUG [main][NacosRestTemplate.java:476] - HTTP method: GET, url: http://192.168.101.65:8848/nacos/v1/ns/instance/list?app=unknown&healthyOnly=false&namespaceId=dev1&clientIP=192.168.31.177&serviceName=xuecheng-plus-project%40%40orders-api&udpPort=64918&clusters=DEFAULT, body: {}
2023-02-19 09:48:41,161 DEBUG [main][NacosRestTemplate.java:476] - HTTP method: GET, url: http://192.168.101.65:8848/nacos/v1/ns/instance/list?app=unknown&healthyOnly=false&namespaceId=dev1&clientIP=192.168.31.177&serviceName=xuecheng-plus-project%40%40orders-api&udpPort=64918&clusters=DEFAULT, body: {}
2023-02-19 09:48:41,169 DEBUG [Thread-18][NioEventLoop.java:106] - -Dio.netty.noKeySetOptimization: false
2023-02-19 09:48:41,169 DEBUG [Thread-18][NioEventLoop.java:106] - -Dio.netty.noKeySetOptimization: false
2023-02-19 09:48:41,169 DEBUG [Thread-18][NioEventLoop.java:107] - -Dio.netty.selectorAutoRebuildThreshold: 512
2023-02-19 09:48:41,169 DEBUG [Thread-18][NioEventLoop.java:107] - -Dio.netty.selectorAutoRebuildThreshold: 512
2023-02-19 09:48:41,201 DEBUG [Thread-18][PlatformDependent.java:1036] - Platform: Windows
2023-02-19 09:48:41,201 DEBUG [Thread-18][PlatformDependent.java:1036] - Platform: Windows
2023-02-19 09:48:41,203 DEBUG [Thread-18][PlatformDependent0.java:417] - -Dio.netty.noUnsafe: false
2023-02-19 09:48:41,203 DEBUG [Thread-18][PlatformDependent0.java:417] - -Dio.netty.noUnsafe: false
2023-02-19 09:48:41,203 DEBUG [Thread-18][PlatformDependent0.java:897] - Java version: 8
2023-02-19 09:48:41,203 DEBUG [Thread-18][PlatformDependent0.java:897] - Java version: 8
2023-02-19 09:48:41,205 DEBUG [Thread-18][PlatformDependent0.java:130] - sun.misc.Unsafe.theUnsafe: available
2023-02-19 09:48:41,205 DEBUG [Thread-18][PlatformDependent0.java:130] - sun.misc.Unsafe.theUnsafe: available
2023-02-19 09:48:41,206 DEBUG [Thread-18][PlatformDependent0.java:154] - sun.misc.Unsafe.copyMemory: available
2023-02-19 09:48:41,206 DEBUG [Thread-18][PlatformDependent0.java:154] - sun.misc.Unsafe.copyMemory: available
2023-02-19 09:48:41,207 DEBUG [Thread-18][PlatformDependent0.java:192] - java.nio.Buffer.address: available
2023-02-19 09:48:41,207 DEBUG [Thread-18][PlatformDependent0.java:192] - java.nio.Buffer.address: available
2023-02-19 09:48:41,208 DEBUG [Thread-18][PlatformDependent0.java:257] - direct buffer constructor: available
2023-02-19 09:48:41,208 DEBUG [Thread-18][PlatformDependent0.java:257] - direct buffer constructor: available
2023-02-19 09:48:41,209 DEBUG [Thread-18][PlatformDependent0.java:331] - java.nio.Bits.unaligned: available, true
2023-02-19 09:48:41,209 DEBUG [Thread-18][PlatformDependent0.java:331] - java.nio.Bits.unaligned: available, true
2023-02-19 09:48:41,210 DEBUG [Thread-18][PlatformDependent0.java:396] - jdk.internal.misc.Unsafe.allocateUninitializedArray(int): unavailable prior to Java9
2023-02-19 09:48:41,210 DEBUG [Thread-18][PlatformDependent0.java:396] - jdk.internal.misc.Unsafe.allocateUninitializedArray(int): unavailable prior to Java9
2023-02-19 09:48:41,210 DEBUG [Thread-18][PlatformDependent0.java:403] - java.nio.DirectByteBuffer.<init>(long, int): available
2023-02-19 09:48:41,210 DEBUG [Thread-18][PlatformDependent0.java:403] - java.nio.DirectByteBuffer.<init>(long, int): available
2023-02-19 09:48:41,210 DEBUG [Thread-18][PlatformDependent.java:1079] - sun.misc.Unsafe: available
2023-02-19 09:48:41,210 DEBUG [Thread-18][PlatformDependent.java:1079] - sun.misc.Unsafe: available
2023-02-19 09:48:41,211 DEBUG [Thread-18][PlatformDependent.java:1200] - -Dio.netty.tmpdir: C:\Users\若倾\AppData\Local\Temp (java.io.tmpdir)
2023-02-19 09:48:41,211 DEBUG [Thread-18][PlatformDependent.java:1200] - -Dio.netty.tmpdir: C:\Users\若倾\AppData\Local\Temp (java.io.tmpdir)
2023-02-19 09:48:41,212 DEBUG [Thread-18][PlatformDependent.java:1279] - -Dio.netty.bitMode: 64 (sun.arch.data.model)
2023-02-19 09:48:41,212 DEBUG [Thread-18][PlatformDependent.java:1279] - -Dio.netty.bitMode: 64 (sun.arch.data.model)
2023-02-19 09:48:41,213 DEBUG [Thread-18][PlatformDependent.java:177] - -Dio.netty.maxDirectMemory: 3668967424 bytes
2023-02-19 09:48:41,213 DEBUG [Thread-18][PlatformDependent.java:177] - -Dio.netty.maxDirectMemory: 3668967424 bytes
2023-02-19 09:48:41,213 DEBUG [Thread-18][PlatformDependent.java:184] - -Dio.netty.uninitializedArrayAllocationThreshold: -1
2023-02-19 09:48:41,213 DEBUG [Thread-18][PlatformDependent.java:184] - -Dio.netty.uninitializedArrayAllocationThreshold: -1
2023-02-19 09:48:41,215 DEBUG [Thread-18][CleanerJava6.java:92] - java.nio.ByteBuffer.cleaner(): available
2023-02-19 09:48:41,215 DEBUG [Thread-18][CleanerJava6.java:92] - java.nio.ByteBuffer.cleaner(): available
2023-02-19 09:48:41,216 DEBUG [Thread-18][PlatformDependent.java:204] - -Dio.netty.noPreferDirect: false
2023-02-19 09:48:41,216 DEBUG [Thread-18][PlatformDependent.java:204] - -Dio.netty.noPreferDirect: false
2023-02-19 09:48:41,229 DEBUG [Thread-18][PlatformDependent.java:940] - org.jctools-core.MpscChunkedArrayQueue: available
2023-02-19 09:48:41,229 DEBUG [Thread-18][PlatformDependent.java:940] - org.jctools-core.MpscChunkedArrayQueue: available
2023-02-19 09:48:41,271 INFO [main][HostReactor.java:232] - new ips(1) service: xuecheng-plus-project@@orders-api@@DEFAULT -> [{"instanceId":"192.168.31.177#63030#DEFAULT#xuecheng-plus-project@@orders-api","ip":"192.168.31.177","port":63030,"weight":1.0,"healthy":true,"enabled":true,"ephemeral":true,"clusterName":"DEFAULT","serviceName":"xuecheng-plus-project@@orders-api","metadata":{"preserved.register.source":"SPRING_CLOUD"},"ipDeleteTimeout":30000,"instanceHeartBeatInterval":5000,"instanceHeartBeatTimeOut":15000}]
2023-02-19 09:48:41,271 INFO [main][HostReactor.java:232] - new ips(1) service: xuecheng-plus-project@@orders-api@@DEFAULT -> [{"instanceId":"192.168.31.177#63030#DEFAULT#xuecheng-plus-project@@orders-api","ip":"192.168.31.177","port":63030,"weight":1.0,"healthy":true,"enabled":true,"ephemeral":true,"clusterName":"DEFAULT","serviceName":"xuecheng-plus-project@@orders-api","metadata":{"preserved.register.source":"SPRING_CLOUD"},"ipDeleteTimeout":30000,"instanceHeartBeatInterval":5000,"instanceHeartBeatTimeOut":15000}]
2023-02-19 09:48:41,271 DEBUG [nacos.publisher-com.alibaba.nacos.client.naming.event.InstancesChangeEvent][DefaultPublisher.java:193] - [NotifyCenter] the com.alibaba.nacos.client.naming.event.InstancesChangeEvent@3538b89c will received by com.alibaba.nacos.client.naming.event.InstancesChangeNotifier@552fffc8
2023-02-19 09:48:41,271 DEBUG [nacos.publisher-com.alibaba.nacos.client.naming.event.InstancesChangeEvent][DefaultPublisher.java:193] - [NotifyCenter] the com.alibaba.nacos.client.naming.event.InstancesChangeEvent@3538b89c will received by com.alibaba.nacos.client.naming.event.InstancesChangeNotifier@552fffc8
2023-02-19 09:48:41,278 INFO [main][HostReactor.java:271] - current ips:(1) service: xuecheng-plus-project@@orders-api@@DEFAULT -> [{"instanceId":"192.168.31.177#63030#DEFAULT#xuecheng-plus-project@@orders-api","ip":"192.168.31.177","port":63030,"weight":1.0,"healthy":true,"enabled":true,"ephemeral":true,"clusterName":"DEFAULT","serviceName":"xuecheng-plus-project@@orders-api","metadata":{"preserved.register.source":"SPRING_CLOUD"},"ipDeleteTimeout":30000,"instanceHeartBeatInterval":5000,"instanceHeartBeatTimeOut":15000}]
2023-02-19 09:48:41,278 INFO [main][HostReactor.java:271] - current ips:(1) service: xuecheng-plus-project@@orders-api@@DEFAULT -> [{"instanceId":"192.168.31.177#63030#DEFAULT#xuecheng-plus-project@@orders-api","ip":"192.168.31.177","port":63030,"weight":1.0,"healthy":true,"enabled":true,"ephemeral":true,"clusterName":"DEFAULT","serviceName":"xuecheng-plus-project@@orders-api","metadata":{"preserved.register.source":"SPRING_CLOUD"},"ipDeleteTimeout":30000,"instanceHeartBeatInterval":5000,"instanceHeartBeatTimeOut":15000}]
2023-02-19 09:48:41,283 INFO [main][AbstractConnectionFactory.java:558] - Attempting to connect to: [192.168.101.65:5672]
2023-02-19 09:48:41,283 INFO [main][AbstractConnectionFactory.java:558] - Attempting to connect to: [192.168.101.65:5672]
2023-02-19 09:48:41,308 DEBUG [Thread-18][DefaultChannelId.java:79] - -Dio.netty.processId: 14968 (auto-detected)
2023-02-19 09:48:41,308 DEBUG [Thread-18][DefaultChannelId.java:79] - -Dio.netty.processId: 14968 (auto-detected)
2023-02-19 09:48:41,312 DEBUG [Thread-18][NetUtil.java:135] - -Djava.net.preferIPv4Stack: false
2023-02-19 09:48:41,312 DEBUG [Thread-18][NetUtil.java:135] - -Djava.net.preferIPv4Stack: false
2023-02-19 09:48:41,312 DEBUG [Thread-18][NetUtil.java:136] - -Djava.net.preferIPv6Addresses: false
2023-02-19 09:48:41,312 DEBUG [Thread-18][NetUtil.java:136] - -Djava.net.preferIPv6Addresses: false
2023-02-19 09:48:41,379 INFO [main][AbstractConnectionFactory.java:511] - Created new connection: rabbitConnectionFactory#3b046e64:0/SimpleConnection@17810908 [delegate=amqp://guest@192.168.101.65:5672/, localPort= 4963]
2023-02-19 09:48:41,379 INFO [main][AbstractConnectionFactory.java:511] - Created new connection: rabbitConnectionFactory#3b046e64:0/SimpleConnection@17810908 [delegate=amqp://guest@192.168.101.65:5672/, localPort= 4963]
2023-02-19 09:48:41,458 INFO [main][StartupInfoLogger.java:61] - Started AliPayTest in 18.858 seconds (JVM running for 21.318)
2023-02-19 09:48:41,458 INFO [main][StartupInfoLogger.java:61] - Started AliPayTest in 18.858 seconds (JVM running for 21.318)
2023-02-19 09:48:41,470 INFO [main][ClientWorker.java:169] - [fixed-192.168.101.65_8848-dev1] [subscribe] swagger-dev.yaml+xuecheng-plus-common+dev1
2023-02-19 09:48:41,470 INFO [main][ClientWorker.java:169] - [fixed-192.168.101.65_8848-dev1] [subscribe] swagger-dev.yaml+xuecheng-plus-common+dev1
2023-02-19 09:48:41,472 INFO [main][CacheData.java:92] - [fixed-192.168.101.65_8848-dev1] [add-listener] ok, tenant=dev1, dataId=swagger-dev.yaml, group=xuecheng-plus-common, cnt=1
2023-02-19 09:48:41,472 INFO [main][CacheData.java:92] - [fixed-192.168.101.65_8848-dev1] [add-listener] ok, tenant=dev1, dataId=swagger-dev.yaml, group=xuecheng-plus-common, cnt=1
2023-02-19 09:48:41,474 INFO [main][ClientWorker.java:169] - [fixed-192.168.101.65_8848-dev1] [subscribe] rabbitmq-dev.yaml+xuecheng-plus-common+dev1
2023-02-19 09:48:41,474 INFO [main][ClientWorker.java:169] - [fixed-192.168.101.65_8848-dev1] [subscribe] rabbitmq-dev.yaml+xuecheng-plus-common+dev1
2023-02-19 09:48:41,474 INFO [main][CacheData.java:92] - [fixed-192.168.101.65_8848-dev1] [add-listener] ok, tenant=dev1, dataId=rabbitmq-dev.yaml, group=xuecheng-plus-common, cnt=1
2023-02-19 09:48:41,474 INFO [main][CacheData.java:92] - [fixed-192.168.101.65_8848-dev1] [add-listener] ok, tenant=dev1, dataId=rabbitmq-dev.yaml, group=xuecheng-plus-common, cnt=1
2023-02-19 09:48:41,475 INFO [main][ClientWorker.java:169] - [fixed-192.168.101.65_8848-dev1] [subscribe] orders-api.yaml+xuecheng-plus-project+dev1
2023-02-19 09:48:41,475 INFO [main][ClientWorker.java:169] - [fixed-192.168.101.65_8848-dev1] [subscribe] orders-api.yaml+xuecheng-plus-project+dev1
2023-02-19 09:48:41,476 INFO [main][CacheData.java:92] - [fixed-192.168.101.65_8848-dev1] [add-listener] ok, tenant=dev1, dataId=orders-api.yaml, group=xuecheng-plus-project, cnt=1
2023-02-19 09:48:41,476 INFO [main][CacheData.java:92] - [fixed-192.168.101.65_8848-dev1] [add-listener] ok, tenant=dev1, dataId=orders-api.yaml, group=xuecheng-plus-project, cnt=1
2023-02-19 09:48:41,477 DEBUG [com.alibaba.nacos.client.Worker.longPolling.fixed-192.168.101.65_8848-dev1][NacosRestTemplate.java:476] - HTTP method: POST, url: http://192.168.101.65:8848/nacos/v1/cs/configs/listener, body: {Listening-Configs=orders-api.yamlxuecheng-plus-projectdev1swagger-dev.yamlxuecheng-plus-common9c0d3be98c5a9ff620445bd718ea10addev1rabbitmq-dev.yamlxuecheng-plus-common9a2acc646d17166ee29989751faceaeadev1, tenant=dev1}
2023-02-19 09:48:41,477 DEBUG [com.alibaba.nacos.client.Worker.longPolling.fixed-192.168.101.65_8848-dev1][NacosRestTemplate.java:476] - HTTP method: POST, url: http://192.168.101.65:8848/nacos/v1/cs/configs/listener, body: {Listening-Configs=orders-api.yamlxuecheng-plus-projectdev1swagger-dev.yamlxuecheng-plus-common9c0d3be98c5a9ff620445bd718ea10addev1rabbitmq-dev.yamlxuecheng-plus-common9a2acc646d17166ee29989751faceaeadev1, tenant=dev1}
2023-02-19 09:48:41,478 DEBUG [com.alibaba.nacos.client.Worker.longPolling.fixed-192.168.101.65_8848-dev1][NacosRestTemplate.java:494] - Execute via interceptors :[com.alibaba.nacos.client.config.impl.ConfigHttpClientManager$LimiterHttpClientRequestInterceptor@6e7a70f1]
2023-02-19 09:48:41,478 DEBUG [com.alibaba.nacos.client.Worker.longPolling.fixed-192.168.101.65_8848-dev1][NacosRestTemplate.java:494] - Execute via interceptors :[com.alibaba.nacos.client.config.impl.ConfigHttpClientManager$LimiterHttpClientRequestInterceptor@6e7a70f1]
2023-02-19 09:48:41,478 INFO [main][ClientWorker.java:169] - [fixed-192.168.101.65_8848-dev1] [subscribe] orders-api-dev.yaml+xuecheng-plus-project+dev1
2023-02-19 09:48:41,478 INFO [main][ClientWorker.java:169] - [fixed-192.168.101.65_8848-dev1] [subscribe] orders-api-dev.yaml+xuecheng-plus-project+dev1
2023-02-19 09:48:41,479 INFO [main][CacheData.java:92] - [fixed-192.168.101.65_8848-dev1] [add-listener] ok, tenant=dev1, dataId=orders-api-dev.yaml, group=xuecheng-plus-project, cnt=1
2023-02-19 09:48:41,479 INFO [main][CacheData.java:92] - [fixed-192.168.101.65_8848-dev1] [add-listener] ok, tenant=dev1, dataId=orders-api-dev.yaml, group=xuecheng-plus-project, cnt=1
2023-02-19 09:48:41,481 INFO [main][ClientWorker.java:169] - [fixed-192.168.101.65_8848-dev1] [subscribe] orders-api+xuecheng-plus-project+dev1
2023-02-19 09:48:41,481 INFO [main][ClientWorker.java:169] - [fixed-192.168.101.65_8848-dev1] [subscribe] orders-api+xuecheng-plus-project+dev1
2023-02-19 09:48:41,482 INFO [main][CacheData.java:92] - [fixed-192.168.101.65_8848-dev1] [add-listener] ok, tenant=dev1, dataId=orders-api, group=xuecheng-plus-project, cnt=1
2023-02-19 09:48:41,482 INFO [main][CacheData.java:92] - [fixed-192.168.101.65_8848-dev1] [add-listener] ok, tenant=dev1, dataId=orders-api, group=xuecheng-plus-project, cnt=1
2023-02-19 09:48:41,484 INFO [main][ClientWorker.java:169] - [fixed-192.168.101.65_8848-dev1] [subscribe] orders-service-dev.yaml+xuecheng-plus-project+dev1
2023-02-19 09:48:41,484 INFO [main][ClientWorker.java:169] - [fixed-192.168.101.65_8848-dev1] [subscribe] orders-service-dev.yaml+xuecheng-plus-project+dev1
2023-02-19 09:48:41,484 INFO [main][CacheData.java:92] - [fixed-192.168.101.65_8848-dev1] [add-listener] ok, tenant=dev1, dataId=orders-service-dev.yaml, group=xuecheng-plus-project, cnt=1
2023-02-19 09:48:41,484 INFO [main][CacheData.java:92] - [fixed-192.168.101.65_8848-dev1] [add-listener] ok, tenant=dev1, dataId=orders-service-dev.yaml, group=xuecheng-plus-project, cnt=1
2023-02-19 09:48:41,486 DEBUG [com.alibaba.nacos.client.Worker.longPolling.fixed-192.168.101.65_8848-dev1][NacosRestTemplate.java:476] - HTTP method: POST, url: http://192.168.101.65:8848/nacos/v1/cs/configs/listener, body: {Listening-Configs=orders-api-dev.yamlxuecheng-plus-projectd4098cae555e40b592622417bf68cf39dev1orders-service-dev.yamlxuecheng-plus-project8da9d76cf7f2d7042fe6fca8a0f128bddev1orders-api.yamlxuecheng-plus-projectdev1swagger-dev.yamlxuecheng-plus-common9c0d3be98c5a9ff620445bd718ea10addev1orders-apixuecheng-plus-projectdev1rabbitmq-dev.yamlxuecheng-plus-common9a2acc646d17166ee29989751faceaeadev1, tenant=dev1}
2023-02-19 09:48:41,486 DEBUG [com.alibaba.nacos.client.Worker.longPolling.fixed-192.168.101.65_8848-dev1][NacosRestTemplate.java:476] - HTTP method: POST, url: http://192.168.101.65:8848/nacos/v1/cs/configs/listener, body: {Listening-Configs=orders-api-dev.yamlxuecheng-plus-projectd4098cae555e40b592622417bf68cf39dev1orders-service-dev.yamlxuecheng-plus-project8da9d76cf7f2d7042fe6fca8a0f128bddev1orders-api.yamlxuecheng-plus-projectdev1swagger-dev.yamlxuecheng-plus-common9c0d3be98c5a9ff620445bd718ea10addev1orders-apixuecheng-plus-projectdev1rabbitmq-dev.yamlxuecheng-plus-common9a2acc646d17166ee29989751faceaeadev1, tenant=dev1}
2023-02-19 09:48:41,486 INFO [main][ClientWorker.java:169] - [fixed-192.168.101.65_8848-dev1] [subscribe] logging-dev.yaml+xuecheng-plus-common+dev1
2023-02-19 09:48:41,486 INFO [main][ClientWorker.java:169] - [fixed-192.168.101.65_8848-dev1] [subscribe] logging-dev.yaml+xuecheng-plus-common+dev1
2023-02-19 09:48:41,487 DEBUG [com.alibaba.nacos.client.Worker.longPolling.fixed-192.168.101.65_8848-dev1][NacosRestTemplate.java:494] - Execute via interceptors :[com.alibaba.nacos.client.config.impl.ConfigHttpClientManager$LimiterHttpClientRequestInterceptor@6e7a70f1]
2023-02-19 09:48:41,487 DEBUG [com.alibaba.nacos.client.Worker.longPolling.fixed-192.168.101.65_8848-dev1][NacosRestTemplate.java:494] - Execute via interceptors :[com.alibaba.nacos.client.config.impl.ConfigHttpClientManager$LimiterHttpClientRequestInterceptor@6e7a70f1]
2023-02-19 09:48:41,487 INFO [main][CacheData.java:92] - [fixed-192.168.101.65_8848-dev1] [add-listener] ok, tenant=dev1, dataId=logging-dev.yaml, group=xuecheng-plus-common, cnt=1
2023-02-19 09:48:41,487 INFO [main][CacheData.java:92] - [fixed-192.168.101.65_8848-dev1] [add-listener] ok, tenant=dev1, dataId=logging-dev.yaml, group=xuecheng-plus-common, cnt=1
2023-02-19 09:48:41,491 DEBUG [com.alibaba.nacos.client.Worker.longPolling.fixed-192.168.101.65_8848-dev1][NacosRestTemplate.java:476] - HTTP method: POST, url: http://192.168.101.65:8848/nacos/v1/cs/configs/listener, body: {Listening-Configs=orders-api-dev.yamlxuecheng-plus-projectd4098cae555e40b592622417bf68cf39dev1orders-service-dev.yamlxuecheng-plus-project8da9d76cf7f2d7042fe6fca8a0f128bddev1orders-api.yamlxuecheng-plus-projectdev1swagger-dev.yamlxuecheng-plus-common9c0d3be98c5a9ff620445bd718ea10addev1orders-apixuecheng-plus-projectdev1rabbitmq-dev.yamlxuecheng-plus-common9a2acc646d17166ee29989751faceaeadev1logging-dev.yamlxuecheng-plus-commoncf8b1af28beb25b242f97519c8f2c560dev1, tenant=dev1}
2023-02-19 09:48:41,491 DEBUG [com.alibaba.nacos.client.Worker.longPolling.fixed-192.168.101.65_8848-dev1][NacosRestTemplate.java:476] - HTTP method: POST, url: http://192.168.101.65:8848/nacos/v1/cs/configs/listener, body: {Listening-Configs=orders-api-dev.yamlxuecheng-plus-projectd4098cae555e40b592622417bf68cf39dev1orders-service-dev.yamlxuecheng-plus-project8da9d76cf7f2d7042fe6fca8a0f128bddev1orders-api.yamlxuecheng-plus-projectdev1swagger-dev.yamlxuecheng-plus-common9c0d3be98c5a9ff620445bd718ea10addev1orders-apixuecheng-plus-projectdev1rabbitmq-dev.yamlxuecheng-plus-common9a2acc646d17166ee29989751faceaeadev1logging-dev.yamlxuecheng-plus-commoncf8b1af28beb25b242f97519c8f2c560dev1, tenant=dev1}
2023-02-19 09:48:41,492 DEBUG [com.alibaba.nacos.client.Worker.longPolling.fixed-192.168.101.65_8848-dev1][NacosRestTemplate.java:494] - Execute via interceptors :[com.alibaba.nacos.client.config.impl.ConfigHttpClientManager$LimiterHttpClientRequestInterceptor@6e7a70f1]
2023-02-19 09:48:41,492 DEBUG [com.alibaba.nacos.client.Worker.longPolling.fixed-192.168.101.65_8848-dev1][NacosRestTemplate.java:494] - Execute via interceptors :[com.alibaba.nacos.client.config.impl.ConfigHttpClientManager$LimiterHttpClientRequestInterceptor@6e7a70f1]
2023-02-19 09:48:41,497 DEBUG [com.alibaba.nacos.client.Worker.longPolling.fixed-192.168.101.65_8848-dev1][NacosRestTemplate.java:476] - HTTP method: POST, url: http://192.168.101.65:8848/nacos/v1/cs/configs/listener, body: {Listening-Configs=orders-api-dev.yamlxuecheng-plus-projectd4098cae555e40b592622417bf68cf39dev1orders-service-dev.yamlxuecheng-plus-project8da9d76cf7f2d7042fe6fca8a0f128bddev1orders-api.yamlxuecheng-plus-projectdev1swagger-dev.yamlxuecheng-plus-common9c0d3be98c5a9ff620445bd718ea10addev1orders-apixuecheng-plus-projectdev1rabbitmq-dev.yamlxuecheng-plus-common9a2acc646d17166ee29989751faceaeadev1logging-dev.yamlxuecheng-plus-commoncf8b1af28beb25b242f97519c8f2c560dev1, tenant=dev1}
2023-02-19 09:48:41,497 DEBUG [com.alibaba.nacos.client.Worker.longPolling.fixed-192.168.101.65_8848-dev1][NacosRestTemplate.java:476] - HTTP method: POST, url: http://192.168.101.65:8848/nacos/v1/cs/configs/listener, body: {Listening-Configs=orders-api-dev.yamlxuecheng-plus-projectd4098cae555e40b592622417bf68cf39dev1orders-service-dev.yamlxuecheng-plus-project8da9d76cf7f2d7042fe6fca8a0f128bddev1orders-api.yamlxuecheng-plus-projectdev1swagger-dev.yamlxuecheng-plus-common9c0d3be98c5a9ff620445bd718ea10addev1orders-apixuecheng-plus-projectdev1rabbitmq-dev.yamlxuecheng-plus-common9a2acc646d17166ee29989751faceaeadev1logging-dev.yamlxuecheng-plus-commoncf8b1af28beb25b242f97519c8f2c560dev1, tenant=dev1}
2023-02-19 09:48:41,498 DEBUG [com.alibaba.nacos.client.Worker.longPolling.fixed-192.168.101.65_8848-dev1][NacosRestTemplate.java:494] - Execute via interceptors :[com.alibaba.nacos.client.config.impl.ConfigHttpClientManager$LimiterHttpClientRequestInterceptor@6e7a70f1]
2023-02-19 09:48:41,498 DEBUG [com.alibaba.nacos.client.Worker.longPolling.fixed-192.168.101.65_8848-dev1][NacosRestTemplate.java:494] - Execute via interceptors :[com.alibaba.nacos.client.config.impl.ConfigHttpClientManager$LimiterHttpClientRequestInterceptor@6e7a70f1]
2023-02-19 09:48:41,962 DEBUG [main][AlipayLogger.java:202] - 2023-02-19 09:48:41^_^https://openapi.alipaydev.com/gateway.do?alipay_sdk=alipay-sdk-java-3.7.73.ALL&app_id=2016101900725017&biz_content=%7B%22out_trade_no%22%3A%22202210100010101002%22%7D&charset=UTF-8&format=json&method=alipay.trade.query&sign=dba4f4oxcIOsbS5WmJ1LO4Qg8I1brRre61uTcQ0H77CQboVieo%2Bc%2FADZNUMe4Wjdr39yCT1TVpCAnJSXIEVLhrln67aqygSU%2Fp4ytu73X3o8PQQpL%2FwD%2B1WmlXTQ8m75R%2F3T5jmUHjIunV79lTILHrFWPgSj%2BlOG75s%2BWUomtncWAgXD8Ikzi0DGMYZ1PuhWaNgal8WcwwvXbI%2FCgGvzRqIXdD7bRqlQVxKV9E%2FHDzXyEoyrxgDjipG6uZOK2nOAwXu6sLRvBytTKQboweHgX3FOYcFaEMOdHuIAZfwpC%2Fa%2FJvsT8rnWMmaem6efdCrDuSB9zm9pS1HQrvas4YCo%2Fw%3D%3D&sign_type=RSA2&timestamp=2023-02-19+09%3A48%3A41&version=1.0
2023-02-19 09:48:41,962 DEBUG [main][AlipayLogger.java:202] - 2023-02-19 09:48:41^_^https://openapi.alipaydev.com/gateway.do?alipay_sdk=alipay-sdk-java-3.7.73.ALL&app_id=2016101900725017&biz_content=%7B%22out_trade_no%22%3A%22202210100010101002%22%7D&charset=UTF-8&format=json&method=alipay.trade.query&sign=dba4f4oxcIOsbS5WmJ1LO4Qg8I1brRre61uTcQ0H77CQboVieo%2Bc%2FADZNUMe4Wjdr39yCT1TVpCAnJSXIEVLhrln67aqygSU%2Fp4ytu73X3o8PQQpL%2FwD%2B1WmlXTQ8m75R%2F3T5jmUHjIunV79lTILHrFWPgSj%2BlOG75s%2BWUomtncWAgXD8Ikzi0DGMYZ1PuhWaNgal8WcwwvXbI%2FCgGvzRqIXdD7bRqlQVxKV9E%2FHDzXyEoyrxgDjipG6uZOK2nOAwXu6sLRvBytTKQboweHgX3FOYcFaEMOdHuIAZfwpC%2Fa%2FJvsT8rnWMmaem6efdCrDuSB9zm9pS1HQrvas4YCo%2Fw%3D%3D&sign_type=RSA2&timestamp=2023-02-19+09%3A48%3A41&version=1.0
2023-02-19 09:48:42,243 DEBUG [Thread-18][NetUtilInitializations.java:129] - Loopback interface: lo (Software Loopback Interface 1, 127.0.0.1)
2023-02-19 09:48:42,243 DEBUG [Thread-18][NetUtilInitializations.java:129] - Loopback interface: lo (Software Loopback Interface 1, 127.0.0.1)
2023-02-19 09:48:42,245 DEBUG [Thread-18][NetUtil.java:187] - Failed to get SOMAXCONN from sysctl and file \proc\sys\net\core\somaxconn. Default: 200
2023-02-19 09:48:42,245 DEBUG [Thread-18][NetUtil.java:187] - Failed to get SOMAXCONN from sysctl and file \proc\sys\net\core\somaxconn. Default: 200
2023-02-19 09:48:42,279 DEBUG [com.alibaba.nacos.client.naming.updater][NacosRestTemplate.java:476] - HTTP method: GET, url: http://192.168.101.65:8848/nacos/v1/ns/instance/list?app=unknown&healthyOnly=false&namespaceId=dev1&clientIP=192.168.31.177&serviceName=xuecheng-plus-project%40%40orders-api&udpPort=64918&clusters=DEFAULT, body: {}
2023-02-19 09:48:42,279 DEBUG [com.alibaba.nacos.client.naming.updater][NacosRestTemplate.java:476] - HTTP method: GET, url: http://192.168.101.65:8848/nacos/v1/ns/instance/list?app=unknown&healthyOnly=false&namespaceId=dev1&clientIP=192.168.31.177&serviceName=xuecheng-plus-project%40%40orders-api&udpPort=64918&clusters=DEFAULT, body: {}
2023-02-19 09:48:42,515 ERROR [main][AlipayLogger.java:333] - ErrorScene^_^40004^_^ACQ.TRADE_NOT_EXIST^_^null^_^Windows 10^_^2023-02-19 09:48:42^_^ProtocalMustParams:charset=UTF-8&method=alipay.trade.query&sign=dba4f4oxcIOsbS5WmJ1LO4Qg8I1brRre61uTcQ0H77CQboVieo+c/ADZNUMe4Wjdr39yCT1TVpCAnJSXIEVLhrln67aqygSU/p4ytu73X3o8PQQpL/wD+1WmlXTQ8m75R/3T5jmUHjIunV79lTILHrFWPgSj+lOG75s+WUomtncWAgXD8Ikzi0DGMYZ1PuhWaNgal8WcwwvXbI/CgGvzRqIXdD7bRqlQVxKV9E/HDzXyEoyrxgDjipG6uZOK2nOAwXu6sLRvBytTKQboweHgX3FOYcFaEMOdHuIAZfwpC/a/JvsT8rnWMmaem6efdCrDuSB9zm9pS1HQrvas4YCo/w==&version=1.0&app_id=2016101900725017&sign_type=RSA2&timestamp=2023-02-19 09:48:41^_^ProtocalOptParams:alipay_sdk=alipay-sdk-java-3.7.73.ALL&format=json^_^ApplicationParams:biz_content={"out_trade_no":"202210100010101002"}^_^Body:{"alipay_trade_query_response":{"code":"40004","msg":"Business Failed","sub_code":"ACQ.TRADE_NOT_EXIST","sub_msg":"交易不存在","buyer_pay_amount":"0.00","invoice_amount":"0.00","out_trade_no":"202210100010101002","point_amount":"0.00","receipt_amount":"0.00"},"sign":"a6FOEZKLoBmAnvr25eu7jYKEdd3XbIn3zpxJ5V2HOxhlFu5eV0mrS0bCoLyzYG9+JhmutLDCR3LIZAgBP4C7omjAePdaIQGYLS4pi0q0jId6Snm67EuOBPyj1IKRnzfbOXI3p7rzeSP2S9IRJuNYo5AGxfXqGQ0+62JD3XSu/id+ESgK3qVcX+7VMfPy8cPs72J5xDalxVS9h4XpD8Vk4cZe0wOZsxX2Zrp9w4ju8T7+n7Hqb7Zw13sKE1ZOqVFzmarQ0JADF9BcPca2MRrgobJElH9eW7NxWnBPzqi16FzoaiXLrYpcPf9T0WKDIhKMrCBvdtH4Gu5lA4NKC9MbkQ=="}^_^31ms,529ms,23ms
